# JRE version: Java(TM) SE Runtime Environment (8.0_131-b11) (build 1.8.0_131-b11)
# Java VM: Java HotSpot(TM) 64-Bit Server VM (25.131-b11 mixed mode windows-amd64 compressed oops)
Heap:
 PSYoungGen      total 1008128K, used 71759K [0x0000000755d80000, 0x00000007a9880000, 0x00000007c0000000)
  eden space 922624K, 1% used [0x0000000755d80000,0x0000000756f7b630,0x000000078e280000)
  from space 85504K, 62% used [0x000000078e280000,0x0000000791698810,0x0000000793600000)
  to   space 86016K, 0% used [0x00000007a4480000,0x00000007a4480000,0x00000007a9880000)
 ParOldGen       total 350720K, used 196387K [0x0000000681800000, 0x0000000696e80000, 0x0000000755d80000)
  object space 350720K, 55% used [0x0000000681800000,0x000000068d7c8fc0,0x0000000696e80000)
 Metaspace       used 24877K, capacity 25602K, committed 25856K, reserved 1073152K
  class space    used 2812K, capacity 3021K, committed 3072K, reserved 1048576K
GC Heap History (10 events):
Event: 55.455 GC heap before
{Heap before GC invocations=13 (full 2):
 PSYoungGen      total 676352K, used 630490K [0x0000000755d80000, 0x0000000784180000, 0x00000007c0000000)
  eden space 615936K, 100% used [0x0000000755d80000,0x000000077b700000,0x000000077b700000)
  from space 60416K, 24% used [0x000000077f400000,0x00000007802368a8,0x0000000782f00000)
  to   space 62464K, 0% used [0x000000077b700000,0x000000077b700000,0x000000077f400000)
 ParOldGen       total 350720K, used 137782K [0x0000000681800000, 0x0000000696e80000, 0x0000000755d80000)
  object space 350720K, 39% used [0x0000000681800000,0x0000000689e8da70,0x0000000696e80000)
 Metaspace       used 24767K, capacity 25502K, committed 25600K, reserved 1071104K
  class space    used 2797K, capacity 3015K, committed 3072K, reserved 1048576K
Event: 55.543 GC heap after
Heap after GC invocations=13 (full 2):
 PSYoungGen      total 678400K, used 19184K [0x0000000755d80000, 0x000000078b080000, 0x00000007c0000000)
  eden space 615936K, 0% used [0x0000000755d80000,0x0000000755d80000,0x000000077b700000)
  from space 62464K, 30% used [0x000000077b700000,0x000000077c9bc2c0,0x000000077f400000)
  to   space 61440K, 0% used [0x0000000787480000,0x0000000787480000,0x000000078b080000)
 ParOldGen       total 350720K, used 152049K [0x0000000681800000, 0x0000000696e80000, 0x0000000755d80000)
  object space 350720K, 43% used [0x0000000681800000,0x000000068ac7c770,0x0000000696e80000)
 Metaspace       used 24767K, capacity 25502K, committed 25600K, reserved 1071104K
  class space    used 2797K, capacity 3015K, committed 3072K, reserved 1048576K
}
Event: 58.179 GC heap before
{Heap before GC invocations=14 (full 2):
 PSYoungGen      total 678400K, used 635120K [0x0000000755d80000, 0x000000078b080000, 0x00000007c0000000)
  eden space 615936K, 100% used [0x0000000755d80000,0x000000077b700000,0x000000077b700000)
  from space 62464K, 30% used [0x000000077b700000,0x000000077c9bc2c0,0x000000077f400000)
  to   space 61440K, 0% used [0x0000000787480000,0x0000000787480000,0x000000078b080000)
 ParOldGen       total 350720K, used 152049K [0x0000000681800000, 0x0000000696e80000, 0x0000000755d80000)
  object space 350720K, 43% used [0x0000000681800000,0x000000068ac7c770,0x0000000696e80000)
 Metaspace       used 24806K, capacity 25520K, committed 25600K, reserved 1071104K
  class space    used 2800K, capacity 3018K, committed 3072K, reserved 1048576K
Event: 58.377 GC heap after
Heap after GC invocations=14 (full 2):
 PSYoungGen      total 809984K, used 38529K [0x0000000755d80000, 0x000000078c780000, 0x00000007c0000000)
  eden space 748544K, 0% used [0x0000000755d80000,0x0000000755d80000,0x0000000783880000)
  from space 61440K, 62% used [0x0000000787480000,0x0000000789a20450,0x000000078b080000)
  to   space 61440K, 0% used [0x0000000783880000,0x0000000783880000,0x0000000787480000)
 ParOldGen       total 350720K, used 152049K [0x0000000681800000, 0x0000000696e80000, 0x0000000755d80000)
  object space 350720K, 43% used [0x0000000681800000,0x000000068ac7c770,0x0000000696e80000)
 Metaspace       used 24806K, capacity 25520K, committed 25600K, reserved 1071104K
  class space    used 2800K, capacity 3018K, committed 3072K, reserved 1048576K
}
Event: 61.626 GC heap before
{Heap before GC invocations=15 (full 2):
 PSYoungGen      total 809984K, used 787073K [0x0000000755d80000, 0x000000078c780000, 0x00000007c0000000)
  eden space 748544K, 100% used [0x0000000755d80000,0x0000000783880000,0x0000000783880000)
  from space 61440K, 62% used [0x0000000787480000,0x0000000789a20450,0x000000078b080000)
  to   space 61440K, 0% used [0x0000000783880000,0x0000000783880000,0x0000000787480000)
 ParOldGen       total 350720K, used 152049K [0x0000000681800000, 0x0000000696e80000, 0x0000000755d80000)
  object space 350720K, 43% used [0x0000000681800000,0x000000068ac7c770,0x0000000696e80000)
 Metaspace       used 24807K, capacity 25520K, committed 25600K, reserved 1071104K
  class space    used 2800K, capacity 3018K, committed 3072K, reserved 1048576K
Event: 61.769 GC heap after
Heap after GC invocations=15 (full 2):
 PSYoungGen      total 809984K, used 60353K [0x0000000755d80000, 0x0000000797980000, 0x00000007c0000000)
  eden space 748544K, 0% used [0x0000000755d80000,0x0000000755d80000,0x0000000783880000)
  from space 61440K, 98% used [0x0000000783880000,0x0000000787370710,0x0000000787480000)
  to   space 69120K, 0% used [0x0000000793600000,0x0000000793600000,0x0000000797980000)
 ParOldGen       total 350720K, used 152049K [0x0000000681800000, 0x0000000696e80000, 0x0000000755d80000)
  object space 350720K, 43% used [0x0000000681800000,0x000000068ac7c770,0x0000000696e80000)
 Metaspace       used 24807K, capacity 25520K, committed 25600K, reserved 1071104K
  class space    used 2800K, capacity 3018K, committed 3072K, reserved 1048576K
}
Event: 64.652 GC heap before
{Heap before GC invocations=16 (full 2):
 PSYoungGen      total 809984K, used 808897K [0x0000000755d80000, 0x0000000797980000, 0x00000007c0000000)
  eden space 748544K, 100% used [0x0000000755d80000,0x0000000783880000,0x0000000783880000)
  from space 61440K, 98% used [0x0000000783880000,0x0000000787370710,0x0000000787480000)
  to   space 69120K, 0% used [0x0000000793600000,0x0000000793600000,0x0000000797980000)
 ParOldGen       total 350720K, used 152049K [0x0000000681800000, 0x0000000696e80000, 0x0000000755d80000)
  object space 350720K, 43% used [0x0000000681800000,0x000000068ac7c770,0x0000000696e80000)
 Metaspace       used 24814K, capacity 25520K, committed 25600K, reserved 1071104K
  class space    used 2800K, capacity 3018K, committed 3072K, reserved 1048576K
Event: 64.875 GC heap after
Heap after GC invocations=16 (full 2):
 PSYoungGen      total 991744K, used 69106K [0x0000000755d80000, 0x000000079ac00000, 0x00000007c0000000)
  eden space 922624K, 0% used [0x0000000755d80000,0x0000000755d80000,0x000000078e280000)
  from space 69120K, 99% used [0x0000000793600000,0x000000079797c9c0,0x0000000797980000)
  to   space 85504K, 0% used [0x000000078e280000,0x000000078e280000,0x0000000793600000)
 ParOldGen       total 350720K, used 169594K [0x0000000681800000, 0x0000000696e80000, 0x0000000755d80000)
  object space 350720K, 48% used [0x0000000681800000,0x000000068bd9eab0,0x0000000696e80000)
 Metaspace       used 24814K, capacity 25520K, committed 25600K, reserved 1071104K
  class space    used 2800K, capacity 3018K, committed 3072K, reserved 1048576K
}
Event: 71.145 GC heap before
{Heap before GC invocations=17 (full 2):
 PSYoungGen      total 991744K, used 991730K [0x0000000755d80000, 0x000000079ac00000, 0x00000007c0000000)
  eden space 922624K, 100% used [0x0000000755d80000,0x000000078e280000,0x000000078e280000)
  from space 69120K, 99% used [0x0000000793600000,0x000000079797c9c0,0x0000000797980000)
  to   space 85504K, 0% used [0x000000078e280000,0x000000078e280000,0x0000000793600000)
 ParOldGen       total 350720K, used 169594K [0x0000000681800000, 0x0000000696e80000, 0x0000000755d80000)
  object space 350720K, 48% used [0x0000000681800000,0x000000068bd9eab0,0x0000000696e80000)
 Metaspace       used 24877K, capacity 25602K, committed 25856K, reserved 1073152K
  class space    used 2812K, capacity 3021K, committed 3072K, reserved 1048576K
Event: 71.672 GC heap after
Heap after GC invocations=17 (full 2):
 PSYoungGen      total 1008128K, used 53346K [0x0000000755d80000, 0x00000007a9880000, 0x00000007c0000000)
  eden space 922624K, 0% used [0x0000000755d80000,0x0000000755d80000,0x000000078e280000)
  from space 85504K, 62% used [0x000000078e280000,0x0000000791698810,0x0000000793600000)
  to   space 86016K, 0% used [0x00000007a4480000,0x00000007a4480000,0x00000007a9880000)
 ParOldGen       total 350720K, used 196387K [0x0000000681800000, 0x0000000696e80000, 0x0000000755d80000)
  object space 350720K, 55% used [0x0000000681800000,0x000000068d7c8fc0,0x0000000696e80000)
 Metaspace       used 24877K, capacity 25602K, committed 25856K, reserved 1073152K
  class space    used 2812K, capacity 3021K, committed 3072K, reserved 1048576K
}

