# JRE version: Java(TM) SE Runtime Environment (8.0_131-b11) (build 1.8.0_131-b11)
# Java VM: Java HotSpot(TM) 64-Bit Server VM (25.131-b11 mixed mode windows-amd64 compressed oops)
Heap:
 PSYoungGen      total 329728K, used 269319K [0x0000000755d80000, 0x0000000770c80000, 0x00000007c0000000)
  eden space 293888K, 79% used [0x0000000755d80000,0x00000007641833c0,0x0000000767c80000)
  from space 35840K, 99% used [0x0000000767c80000,0x0000000769f7eb60,0x0000000769f80000)
  to   space 52224K, 0% used [0x000000076d980000,0x000000076d980000,0x0000000770c80000)
 ParOldGen       total 156160K, used 96218K [0x0000000681800000, 0x000000068b080000, 0x0000000755d80000)
  object space 156160K, 61% used [0x0000000681800000,0x00000006875f6bd0,0x000000068b080000)
 Metaspace       used 24387K, capacity 24976K, committed 25344K, reserved 1073152K
  class space    used 2768K, capacity 2954K, committed 3072K, reserved 1048576K
GC Heap History (10 events):
Event: 14.905 GC heap before
{Heap before GC invocations=6 (full 1):
 PSYoungGen      total 178176K, used 13293K [0x0000000755d80000, 0x000000076c280000, 0x00000007c0000000)
  eden space 164864K, 0% used [0x0000000755d80000,0x0000000755d80000,0x000000075fe80000)
  from space 13312K, 99% used [0x000000075fe80000,0x0000000760b7b4f8,0x0000000760b80000)
  to   space 17920K, 0% used [0x000000076b100000,0x000000076b100000,0x000000076c280000)
 ParOldGen       total 218624K, used 9164K [0x0000000681800000, 0x000000068ed80000, 0x0000000755d80000)
  object space 218624K, 4% used [0x0000000681800000,0x00000006820f31f8,0x000000068ed80000)
 Metaspace       used 20686K, capacity 21152K, committed 21296K, reserved 1069056K
  class space    used 2467K, capacity 2616K, committed 2688K, reserved 1048576K
Event: 15.251 GC heap after
Heap after GC invocations=6 (full 1):
 PSYoungGen      total 178176K, used 0K [0x0000000755d80000, 0x000000076c280000, 0x00000007c0000000)
  eden space 164864K, 0% used [0x0000000755d80000,0x0000000755d80000,0x000000075fe80000)
  from space 13312K, 0% used [0x000000075fe80000,0x000000075fe80000,0x0000000760b80000)
  to   space 17920K, 0% used [0x000000076b100000,0x000000076b100000,0x000000076c280000)
 ParOldGen       total 156160K, used 20204K [0x0000000681800000, 0x000000068b080000, 0x0000000755d80000)
  object space 156160K, 12% used [0x0000000681800000,0x0000000682bbb308,0x000000068b080000)
 Metaspace       used 20686K, capacity 21152K, committed 21296K, reserved 1069056K
  class space    used 2467K, capacity 2616K, committed 2688K, reserved 1048576K
}
Event: 31.443 GC heap before
{Heap before GC invocations=7 (full 1):
 PSYoungGen      total 178176K, used 164864K [0x0000000755d80000, 0x000000076c280000, 0x00000007c0000000)
  eden space 164864K, 100% used [0x0000000755d80000,0x000000075fe80000,0x000000075fe80000)
  from space 13312K, 0% used [0x000000075fe80000,0x000000075fe80000,0x0000000760b80000)
  to   space 17920K, 0% used [0x000000076b100000,0x000000076b100000,0x000000076c280000)
 ParOldGen       total 156160K, used 20204K [0x0000000681800000, 0x000000068b080000, 0x0000000755d80000)
  object space 156160K, 12% used [0x0000000681800000,0x0000000682bbb308,0x000000068b080000)
 Metaspace       used 21695K, capacity 22176K, committed 22320K, reserved 1069056K
  class space    used 2543K, capacity 2680K, committed 2688K, reserved 1048576K
Event: 31.685 GC heap after
Heap after GC invocations=7 (full 1):
 PSYoungGen      total 249856K, used 17893K [0x0000000755d80000, 0x000000076c280000, 0x00000007c0000000)
  eden space 231936K, 0% used [0x0000000755d80000,0x0000000755d80000,0x0000000764000000)
  from space 17920K, 99% used [0x000000076b100000,0x000000076c279408,0x000000076c280000)
  to   space 35840K, 0% used [0x0000000767c80000,0x0000000767c80000,0x0000000769f80000)
 ParOldGen       total 156160K, used 49740K [0x0000000681800000, 0x000000068b080000, 0x0000000755d80000)
  object space 156160K, 31% used [0x0000000681800000,0x00000006848931b8,0x000000068b080000)
 Metaspace       used 21695K, capacity 22176K, committed 22320K, reserved 1069056K
  class space    used 2543K, capacity 2680K, committed 2688K, reserved 1048576K
}
Event: 43.229 GC heap before
{Heap before GC invocations=8 (full 1):
 PSYoungGen      total 249856K, used 249829K [0x0000000755d80000, 0x000000076c280000, 0x00000007c0000000)
  eden space 231936K, 100% used [0x0000000755d80000,0x0000000764000000,0x0000000764000000)
  from space 17920K, 99% used [0x000000076b100000,0x000000076c279408,0x000000076c280000)
  to   space 35840K, 0% used [0x0000000767c80000,0x0000000767c80000,0x0000000769f80000)
 ParOldGen       total 156160K, used 49740K [0x0000000681800000, 0x000000068b080000, 0x0000000755d80000)
  object space 156160K, 31% used [0x0000000681800000,0x00000006848931b8,0x000000068b080000)
 Metaspace       used 22863K, capacity 23296K, committed 23552K, reserved 1071104K
  class space    used 2587K, capacity 2712K, committed 2816K, reserved 1048576K
Event: 43.573 GC heap after
Heap after GC invocations=8 (full 1):
 PSYoungGen      total 329728K, used 35838K [0x0000000755d80000, 0x0000000770c80000, 0x00000007c0000000)
  eden space 293888K, 0% used [0x0000000755d80000,0x0000000755d80000,0x0000000767c80000)
  from space 35840K, 99% used [0x0000000767c80000,0x0000000769f7faf8,0x0000000769f80000)
  to   space 52224K, 0% used [0x000000076d980000,0x000000076d980000,0x0000000770c80000)
 ParOldGen       total 156160K, used 71835K [0x0000000681800000, 0x000000068b080000, 0x0000000755d80000)
  object space 156160K, 46% used [0x0000000681800000,0x0000000685e26c80,0x000000068b080000)
 Metaspace       used 22863K, capacity 23296K, committed 23552K, reserved 1071104K
  class space    used 2587K, capacity 2712K, committed 2816K, reserved 1048576K
}
Event: 50.417 GC heap before
{Heap before GC invocations=9 (full 1):
 PSYoungGen      total 329728K, used 329726K [0x0000000755d80000, 0x0000000770c80000, 0x00000007c0000000)
  eden space 293888K, 100% used [0x0000000755d80000,0x0000000767c80000,0x0000000767c80000)
  from space 35840K, 99% used [0x0000000767c80000,0x0000000769f7faf8,0x0000000769f80000)
  to   space 52224K, 0% used [0x000000076d980000,0x000000076d980000,0x0000000770c80000)
 ParOldGen       total 156160K, used 71835K [0x0000000681800000, 0x000000068b080000, 0x0000000755d80000)
  object space 156160K, 46% used [0x0000000681800000,0x0000000685e26c80,0x000000068b080000)
 Metaspace       used 24170K, capacity 24784K, committed 25088K, reserved 1071104K
  class space    used 2744K, capacity 2954K, committed 3072K, reserved 1048576K
Event: 50.818 GC heap after
Heap after GC invocations=9 (full 1):
 PSYoungGen      total 346112K, used 52217K [0x0000000755d80000, 0x0000000770c80000, 0x00000007c0000000)
  eden space 293888K, 0% used [0x0000000755d80000,0x0000000755d80000,0x0000000767c80000)
  from space 52224K, 99% used [0x000000076d980000,0x0000000770c7e538,0x0000000770c80000)
  to   space 35840K, 0% used [0x0000000767c80000,0x0000000767c80000,0x0000000769f80000)
 ParOldGen       total 156160K, used 88451K [0x0000000681800000, 0x000000068b080000, 0x0000000755d80000)
  object space 156160K, 56% used [0x0000000681800000,0x0000000686e60ff8,0x000000068b080000)
 Metaspace       used 24170K, capacity 24784K, committed 25088K, reserved 1071104K
  class space    used 2744K, capacity 2954K, committed 3072K, reserved 1048576K
}
Event: 54.582 GC heap before
{Heap before GC invocations=10 (full 1):
 PSYoungGen      total 346112K, used 346105K [0x0000000755d80000, 0x0000000770c80000, 0x00000007c0000000)
  eden space 293888K, 100% used [0x0000000755d80000,0x0000000767c80000,0x0000000767c80000)
  from space 52224K, 99% used [0x000000076d980000,0x0000000770c7e538,0x0000000770c80000)
  to   space 35840K, 0% used [0x0000000767c80000,0x0000000767c80000,0x0000000769f80000)
 ParOldGen       total 156160K, used 88451K [0x0000000681800000, 0x000000068b080000, 0x0000000755d80000)
  object space 156160K, 56% used [0x0000000681800000,0x0000000686e60ff8,0x000000068b080000)
 Metaspace       used 24177K, capacity 24784K, committed 25088K, reserved 1071104K
  class space    used 2745K, capacity 2954K, committed 3072K, reserved 1048576K
Event: 54.737 GC heap after
Heap after GC invocations=10 (full 1):
 PSYoungGen      total 329728K, used 35834K [0x0000000755d80000, 0x0000000770c80000, 0x00000007c0000000)
  eden space 293888K, 0% used [0x0000000755d80000,0x0000000755d80000,0x0000000767c80000)
  from space 35840K, 99% used [0x0000000767c80000,0x0000000769f7eb60,0x0000000769f80000)
  to   space 52224K, 0% used [0x000000076d980000,0x000000076d980000,0x0000000770c80000)
 ParOldGen       total 156160K, used 96218K [0x0000000681800000, 0x000000068b080000, 0x0000000755d80000)
  object space 156160K, 61% used [0x0000000681800000,0x00000006875f6bd0,0x000000068b080000)
 Metaspace       used 24177K, capacity 24784K, committed 25088K, reserved 1071104K
  class space    used 2745K, capacity 2954K, committed 3072K, reserved 1048576K
}

