# JRE version: Java(TM) SE Runtime Environment (8.0_131-b11) (build 1.8.0_131-b11)
# Java VM: Java HotSpot(TM) 64-Bit Server VM (25.131-b11 mixed mode windows-amd64 compressed oops)
Heap:
 PSYoungGen      total 1002496K, used 264957K [0x0000000755d80000, 0x00000007a3800000, 0x00000007c0000000)
  eden space 901632K, 20% used [0x0000000755d80000,0x00000007615def08,0x000000078ce00000)
  from space 100864K, 75% used [0x000000078ce00000,0x0000000791860608,0x0000000793080000)
  to   space 107520K, 0% used [0x000000079cf00000,0x000000079cf00000,0x00000007a3800000)
 ParOldGen       total 377856K, used 293229K [0x0000000681800000, 0x0000000698900000, 0x0000000755d80000)
  object space 377856K, 77% used [0x0000000681800000,0x000000069365b630,0x0000000698900000)
 Metaspace       used 26912K, capacity 27582K, committed 27776K, reserved 1073152K
  class space    used 2959K, capacity 3149K, committed 3200K, reserved 1048576K
GC Heap History (10 events):
Event: 58.835 GC heap before
{Heap before GC invocations=23 (full 2):
 PSYoungGen      total 654848K, used 640113K [0x0000000755d80000, 0x0000000782b00000, 0x00000007c0000000)
  eden space 593920K, 100% used [0x0000000755d80000,0x000000077a180000,0x000000077a180000)
  from space 60928K, 75% used [0x000000077e080000,0x0000000780d9c5a0,0x0000000781c00000)
  to   space 64512K, 0% used [0x000000077a180000,0x000000077a180000,0x000000077e080000)
 ParOldGen       total 377856K, used 169565K [0x0000000681800000, 0x0000000698900000, 0x0000000755d80000)
  object space 377856K, 44% used [0x0000000681800000,0x000000068bd97798,0x0000000698900000)
 Metaspace       used 24810K, capacity 25516K, committed 25600K, reserved 1071104K
  class space    used 2800K, capacity 3018K, committed 3072K, reserved 1048576K
Event: 59.014 GC heap after
Heap after GC invocations=23 (full 2):
 PSYoungGen      total 658432K, used 36209K [0x0000000755d80000, 0x000000078b600000, 0x00000007c0000000)
  eden space 593920K, 0% used [0x0000000755d80000,0x0000000755d80000,0x000000077a180000)
  from space 64512K, 56% used [0x000000077a180000,0x000000077c4dc460,0x000000077e080000)
  to   space 64000K, 0% used [0x0000000787780000,0x0000000787780000,0x000000078b600000)
 ParOldGen       total 377856K, used 197314K [0x0000000681800000, 0x0000000698900000, 0x0000000755d80000)
  object space 377856K, 52% used [0x0000000681800000,0x000000068d8b0958,0x0000000698900000)
 Metaspace       used 24810K, capacity 25516K, committed 25600K, reserved 1071104K
  class space    used 2800K, capacity 3018K, committed 3072K, reserved 1048576K
}
Event: 61.406 GC heap before
{Heap before GC invocations=24 (full 2):
 PSYoungGen      total 658432K, used 630129K [0x0000000755d80000, 0x000000078b600000, 0x00000007c0000000)
  eden space 593920K, 100% used [0x0000000755d80000,0x000000077a180000,0x000000077a180000)
  from space 64512K, 56% used [0x000000077a180000,0x000000077c4dc460,0x000000077e080000)
  to   space 64000K, 0% used [0x0000000787780000,0x0000000787780000,0x000000078b600000)
 ParOldGen       total 377856K, used 197314K [0x0000000681800000, 0x0000000698900000, 0x0000000755d80000)
  object space 377856K, 52% used [0x0000000681800000,0x000000068d8b0958,0x0000000698900000)
 Metaspace       used 24823K, capacity 25534K, committed 25600K, reserved 1071104K
  class space    used 2803K, capacity 3021K, committed 3072K, reserved 1048576K
Event: 61.623 GC heap after
Heap after GC invocations=24 (full 2):
 PSYoungGen      total 785920K, used 63972K [0x0000000755d80000, 0x000000078ee80000, 0x00000007c0000000)
  eden space 721920K, 0% used [0x0000000755d80000,0x0000000755d80000,0x0000000781e80000)
  from space 64000K, 99% used [0x0000000787780000,0x000000078b5f92c0,0x000000078b600000)
  to   space 91136K, 0% used [0x0000000781e80000,0x0000000781e80000,0x0000000787780000)
 ParOldGen       total 377856K, used 245220K [0x0000000681800000, 0x0000000698900000, 0x0000000755d80000)
  object space 377856K, 64% used [0x0000000681800000,0x0000000690779198,0x0000000698900000)
 Metaspace       used 24823K, capacity 25534K, committed 25600K, reserved 1071104K
  class space    used 2803K, capacity 3021K, committed 3072K, reserved 1048576K
}
Event: 66.209 GC heap before
{Heap before GC invocations=25 (full 2):
 PSYoungGen      total 785920K, used 785892K [0x0000000755d80000, 0x000000078ee80000, 0x00000007c0000000)
  eden space 721920K, 100% used [0x0000000755d80000,0x0000000781e80000,0x0000000781e80000)
  from space 64000K, 99% used [0x0000000787780000,0x000000078b5f92c0,0x000000078b600000)
  to   space 91136K, 0% used [0x0000000781e80000,0x0000000781e80000,0x0000000787780000)
 ParOldGen       total 377856K, used 245220K [0x0000000681800000, 0x0000000698900000, 0x0000000755d80000)
  object space 377856K, 64% used [0x0000000681800000,0x0000000690779198,0x0000000698900000)
 Metaspace       used 24905K, capacity 25598K, committed 25856K, reserved 1073152K
  class space    used 2812K, capacity 3021K, committed 3072K, reserved 1048576K
Event: 66.363 GC heap after
Heap after GC invocations=25 (full 2):
 PSYoungGen      total 813056K, used 67609K [0x0000000755d80000, 0x0000000798f00000, 0x00000007c0000000)
  eden space 721920K, 0% used [0x0000000755d80000,0x0000000755d80000,0x0000000781e80000)
  from space 91136K, 74% used [0x0000000781e80000,0x0000000786086658,0x0000000787780000)
  to   space 96768K, 0% used [0x0000000793080000,0x0000000793080000,0x0000000798f00000)
 ParOldGen       total 377856K, used 254946K [0x0000000681800000, 0x0000000698900000, 0x0000000755d80000)
  object space 377856K, 67% used [0x0000000681800000,0x00000006910f8898,0x0000000698900000)
 Metaspace       used 24905K, capacity 25598K, committed 25856K, reserved 1073152K
  class space    used 2812K, capacity 3021K, committed 3072K, reserved 1048576K
}
Event: 70.622 GC heap before
{Heap before GC invocations=26 (full 2):
 PSYoungGen      total 813056K, used 789529K [0x0000000755d80000, 0x0000000798f00000, 0x00000007c0000000)
  eden space 721920K, 100% used [0x0000000755d80000,0x0000000781e80000,0x0000000781e80000)
  from space 91136K, 74% used [0x0000000781e80000,0x0000000786086658,0x0000000787780000)
  to   space 96768K, 0% used [0x0000000793080000,0x0000000793080000,0x0000000798f00000)
 ParOldGen       total 377856K, used 254946K [0x0000000681800000, 0x0000000698900000, 0x0000000755d80000)
  object space 377856K, 67% used [0x0000000681800000,0x00000006910f8898,0x0000000698900000)
 Metaspace       used 24915K, capacity 25662K, committed 25856K, reserved 1073152K
  class space    used 2812K, capacity 3021K, committed 3072K, reserved 1048576K
Event: 70.831 GC heap after
Heap after GC invocations=26 (full 2):
 PSYoungGen      total 998400K, used 66213K [0x0000000755d80000, 0x0000000799300000, 0x00000007c0000000)
  eden space 901632K, 0% used [0x0000000755d80000,0x0000000755d80000,0x000000078ce00000)
  from space 96768K, 68% used [0x0000000793080000,0x0000000797129620,0x0000000798f00000)
  to   space 100864K, 0% used [0x000000078ce00000,0x000000078ce00000,0x0000000793080000)
 ParOldGen       total 377856K, used 293205K [0x0000000681800000, 0x0000000698900000, 0x0000000755d80000)
  object space 377856K, 77% used [0x0000000681800000,0x0000000693655630,0x0000000698900000)
 Metaspace       used 24915K, capacity 25662K, committed 25856K, reserved 1073152K
  class space    used 2812K, capacity 3021K, committed 3072K, reserved 1048576K
}
Event: 87.182 GC heap before
{Heap before GC invocations=27 (full 2):
 PSYoungGen      total 998400K, used 967845K [0x0000000755d80000, 0x0000000799300000, 0x00000007c0000000)
  eden space 901632K, 100% used [0x0000000755d80000,0x000000078ce00000,0x000000078ce00000)
  from space 96768K, 68% used [0x0000000793080000,0x0000000797129620,0x0000000798f00000)
  to   space 100864K, 0% used [0x000000078ce00000,0x000000078ce00000,0x0000000793080000)
 ParOldGen       total 377856K, used 293205K [0x0000000681800000, 0x0000000698900000, 0x0000000755d80000)
  object space 377856K, 77% used [0x0000000681800000,0x0000000693655630,0x0000000698900000)
 Metaspace       used 26833K, capacity 27454K, committed 27520K, reserved 1073152K
  class space    used 2958K, capacity 3149K, committed 3200K, reserved 1048576K
Event: 87.445 GC heap after
Heap after GC invocations=27 (full 2):
 PSYoungGen      total 1002496K, used 76161K [0x0000000755d80000, 0x00000007a3800000, 0x00000007c0000000)
  eden space 901632K, 0% used [0x0000000755d80000,0x0000000755d80000,0x000000078ce00000)
  from space 100864K, 75% used [0x000000078ce00000,0x0000000791860608,0x0000000793080000)
  to   space 107520K, 0% used [0x000000079cf00000,0x000000079cf00000,0x00000007a3800000)
 ParOldGen       total 377856K, used 293229K [0x0000000681800000, 0x0000000698900000, 0x0000000755d80000)
  object space 377856K, 77% used [0x0000000681800000,0x000000069365b630,0x0000000698900000)
 Metaspace       used 26833K, capacity 27454K, committed 27520K, reserved 1073152K
  class space    used 2958K, capacity 3149K, committed 3200K, reserved 1048576K
}

