# JRE version: Java(TM) SE Runtime Environment (8.0_131-b11) (build 1.8.0_131-b11)
# Java VM: Java HotSpot(TM) 64-Bit Server VM (25.131-b11 mixed mode windows-amd64 compressed oops)
Heap:
 PSYoungGen      total 641536K, used 334447K [0x0000000755d80000, 0x0000000781280000, 0x00000007c0000000)
  eden space 579584K, 57% used [0x0000000755d80000,0x000000076a41bc18,0x0000000779380000)
  from space 61952K, 0% used [0x0000000779380000,0x0000000779380000,0x000000077d000000)
  to   space 65024K, 0% used [0x000000077d000000,0x000000077d000000,0x0000000780f80000)
 ParOldGen       total 358912K, used 273221K [0x0000000681800000, 0x0000000697680000, 0x0000000755d80000)
  object space 358912K, 76% used [0x0000000681800000,0x00000006922d1598,0x0000000697680000)
 Metaspace       used 27023K, capacity 27770K, committed 28032K, reserved 1075200K
  class space    used 2962K, capacity 3149K, committed 3200K, reserved 1048576K
GC Heap History (10 events):
Event: 56.887 GC heap before
{Heap before GC invocations=21 (full 2):
 PSYoungGen      total 644608K, used 644602K [0x0000000755d80000, 0x0000000781280000, 0x00000007c0000000)
  eden space 579584K, 100% used [0x0000000755d80000,0x0000000779380000,0x0000000779380000)
  from space 65024K, 99% used [0x000000077d000000,0x0000000780f7e990,0x0000000780f80000)
  to   space 61952K, 0% used [0x0000000779380000,0x0000000779380000,0x000000077d000000)
 ParOldGen       total 358912K, used 276813K [0x0000000681800000, 0x0000000697680000, 0x0000000755d80000)
  object space 358912K, 77% used [0x0000000681800000,0x00000006926537d0,0x0000000697680000)
 Metaspace       used 24909K, capacity 25658K, committed 25856K, reserved 1073152K
  class space    used 2811K, capacity 3021K, committed 3072K, reserved 1048576K
Event: 57.125 GC heap after
Heap after GC invocations=21 (full 2):
 PSYoungGen      total 641536K, used 57652K [0x0000000755d80000, 0x0000000781280000, 0x00000007c0000000)
  eden space 579584K, 0% used [0x0000000755d80000,0x0000000755d80000,0x0000000779380000)
  from space 61952K, 93% used [0x0000000779380000,0x000000077cbcd3d0,0x000000077d000000)
  to   space 65024K, 0% used [0x000000077d000000,0x000000077d000000,0x0000000780f80000)
 ParOldGen       total 358912K, used 315896K [0x0000000681800000, 0x0000000697680000, 0x0000000755d80000)
  object space 358912K, 88% used [0x0000000681800000,0x0000000694c7e2a0,0x0000000697680000)
 Metaspace       used 24909K, capacity 25658K, committed 25856K, reserved 1073152K
  class space    used 2811K, capacity 3021K, committed 3072K, reserved 1048576K
}
Event: 57.125 GC heap before
{Heap before GC invocations=22 (full 3):
 PSYoungGen      total 641536K, used 57652K [0x0000000755d80000, 0x0000000781280000, 0x00000007c0000000)
  eden space 579584K, 0% used [0x0000000755d80000,0x0000000755d80000,0x0000000779380000)
  from space 61952K, 93% used [0x0000000779380000,0x000000077cbcd3d0,0x000000077d000000)
  to   space 65024K, 0% used [0x000000077d000000,0x000000077d000000,0x0000000780f80000)
 ParOldGen       total 358912K, used 315896K [0x0000000681800000, 0x0000000697680000, 0x0000000755d80000)
  object space 358912K, 88% used [0x0000000681800000,0x0000000694c7e2a0,0x0000000697680000)
 Metaspace       used 24909K, capacity 25658K, committed 25856K, reserved 1073152K
  class space    used 2811K, capacity 3021K, committed 3072K, reserved 1048576K
Event: 60.713 GC heap after
Heap after GC invocations=22 (full 3):
 PSYoungGen      total 641536K, used 0K [0x0000000755d80000, 0x0000000781280000, 0x00000007c0000000)
  eden space 579584K, 0% used [0x0000000755d80000,0x0000000755d80000,0x0000000779380000)
  from space 61952K, 0% used [0x0000000779380000,0x0000000779380000,0x000000077d000000)
  to   space 65024K, 0% used [0x000000077d000000,0x000000077d000000,0x0000000780f80000)
 ParOldGen       total 358912K, used 265458K [0x0000000681800000, 0x0000000697680000, 0x0000000755d80000)
  object space 358912K, 73% used [0x0000000681800000,0x0000000691b3cac0,0x0000000697680000)
 Metaspace       used 24909K, capacity 25658K, committed 25856K, reserved 1073152K
  class space    used 2811K, capacity 3021K, committed 3072K, reserved 1048576K
}
Event: 82.272 GC heap before
{Heap before GC invocations=23 (full 3):
 PSYoungGen      total 641536K, used 579584K [0x0000000755d80000, 0x0000000781280000, 0x00000007c0000000)
  eden space 579584K, 100% used [0x0000000755d80000,0x0000000779380000,0x0000000779380000)
  from space 61952K, 0% used [0x0000000779380000,0x0000000779380000,0x000000077d000000)
  to   space 65024K, 0% used [0x000000077d000000,0x000000077d000000,0x0000000780f80000)
 ParOldGen       total 358912K, used 265458K [0x0000000681800000, 0x0000000697680000, 0x0000000755d80000)
  object space 358912K, 73% used [0x0000000681800000,0x0000000691b3cac0,0x0000000697680000)
 Metaspace       used 24946K, capacity 25658K, committed 25856K, reserved 1073152K
  class space    used 2812K, capacity 3021K, committed 3072K, reserved 1048576K
Event: 82.390 GC heap after
Heap after GC invocations=23 (full 3):
 PSYoungGen      total 644608K, used 65009K [0x0000000755d80000, 0x0000000781280000, 0x00000007c0000000)
  eden space 579584K, 0% used [0x0000000755d80000,0x0000000755d80000,0x0000000779380000)
  from space 65024K, 99% used [0x000000077d000000,0x0000000780f7c610,0x0000000780f80000)
  to   space 61952K, 0% used [0x0000000779380000,0x0000000779380000,0x000000077d000000)
 ParOldGen       total 358912K, used 284901K [0x0000000681800000, 0x0000000697680000, 0x0000000755d80000)
  object space 358912K, 79% used [0x0000000681800000,0x0000000692e39668,0x0000000697680000)
 Metaspace       used 24946K, capacity 25658K, committed 25856K, reserved 1073152K
  class space    used 2812K, capacity 3021K, committed 3072K, reserved 1048576K
}
Event: 100.182 GC heap before
{Heap before GC invocations=24 (full 3):
 PSYoungGen      total 644608K, used 644593K [0x0000000755d80000, 0x0000000781280000, 0x00000007c0000000)
  eden space 579584K, 100% used [0x0000000755d80000,0x0000000779380000,0x0000000779380000)
  from space 65024K, 99% used [0x000000077d000000,0x0000000780f7c610,0x0000000780f80000)
  to   space 61952K, 0% used [0x0000000779380000,0x0000000779380000,0x000000077d000000)
 ParOldGen       total 358912K, used 284901K [0x0000000681800000, 0x0000000697680000, 0x0000000755d80000)
  object space 358912K, 79% used [0x0000000681800000,0x0000000692e39668,0x0000000697680000)
 Metaspace       used 26915K, capacity 27642K, committed 27776K, reserved 1073152K
  class space    used 2960K, capacity 3149K, committed 3200K, reserved 1048576K
Event: 100.446 GC heap after
Heap after GC invocations=24 (full 3):
 PSYoungGen      total 641536K, used 9361K [0x0000000755d80000, 0x0000000781280000, 0x00000007c0000000)
  eden space 579584K, 0% used [0x0000000755d80000,0x0000000755d80000,0x0000000779380000)
  from space 61952K, 15% used [0x0000000779380000,0x0000000779ca4498,0x000000077d000000)
  to   space 65024K, 0% used [0x000000077d000000,0x000000077d000000,0x0000000780f80000)
 ParOldGen       total 358912K, used 343682K [0x0000000681800000, 0x0000000697680000, 0x0000000755d80000)
  object space 358912K, 95% used [0x0000000681800000,0x00000006967a0988,0x0000000697680000)
 Metaspace       used 26915K, capacity 27642K, committed 27776K, reserved 1073152K
  class space    used 2960K, capacity 3149K, committed 3200K, reserved 1048576K
}
Event: 100.446 GC heap before
{Heap before GC invocations=25 (full 4):
 PSYoungGen      total 641536K, used 9361K [0x0000000755d80000, 0x0000000781280000, 0x00000007c0000000)
  eden space 579584K, 0% used [0x0000000755d80000,0x0000000755d80000,0x0000000779380000)
  from space 61952K, 15% used [0x0000000779380000,0x0000000779ca4498,0x000000077d000000)
  to   space 65024K, 0% used [0x000000077d000000,0x000000077d000000,0x0000000780f80000)
 ParOldGen       total 358912K, used 343682K [0x0000000681800000, 0x0000000697680000, 0x0000000755d80000)
  object space 358912K, 95% used [0x0000000681800000,0x00000006967a0988,0x0000000697680000)
 Metaspace       used 26915K, capacity 27642K, committed 27776K, reserved 1073152K
  class space    used 2960K, capacity 3149K, committed 3200K, reserved 1048576K
Event: 103.329 GC heap after
Heap after GC invocations=25 (full 4):
 PSYoungGen      total 641536K, used 0K [0x0000000755d80000, 0x0000000781280000, 0x00000007c0000000)
  eden space 579584K, 0% used [0x0000000755d80000,0x0000000755d80000,0x0000000779380000)
  from space 61952K, 0% used [0x0000000779380000,0x0000000779380000,0x000000077d000000)
  to   space 65024K, 0% used [0x000000077d000000,0x000000077d000000,0x0000000780f80000)
 ParOldGen       total 358912K, used 273221K [0x0000000681800000, 0x0000000697680000, 0x0000000755d80000)
  object space 358912K, 76% used [0x0000000681800000,0x00000006922d1598,0x0000000697680000)
 Metaspace       used 26915K, capacity 27642K, committed 27776K, reserved 1073152K
  class space    used 2960K, capacity 3149K, committed 3200K, reserved 1048576K
}

