# JRE version: Java(TM) SE Runtime Environment (8.0_131-b11) (build 1.8.0_131-b11)
# Java VM: Java HotSpot(TM) 64-Bit Server VM (25.131-b11 mixed mode windows-amd64 compressed oops)
Heap:
 PSYoungGen      total 329728K, used 280684K [0x0000000755d80000, 0x0000000777100000, 0x00000007c0000000)
  eden space 293888K, 83% used [0x0000000755d80000,0x0000000764d3e690,0x0000000767c80000)
  from space 35840K, 98% used [0x0000000767c80000,0x0000000769edccd8,0x0000000769f80000)
  to   space 66048K, 0% used [0x0000000773080000,0x0000000773080000,0x0000000777100000)
 ParOldGen       total 151040K, used 98441K [0x0000000681800000, 0x000000068ab80000, 0x0000000755d80000)
  object space 151040K, 65% used [0x0000000681800000,0x00000006878224d8,0x000000068ab80000)
 Metaspace       used 24509K, capacity 25200K, committed 25344K, reserved 1071104K
  class space    used 2786K, capacity 3008K, committed 3072K, reserved 1048576K
GC Heap History (10 events):
Event: 22.651 GC heap before
{Heap before GC invocations=6 (full 1):
 PSYoungGen      total 178176K, used 13304K [0x0000000755d80000, 0x000000076c280000, 0x00000007c0000000)
  eden space 164864K, 0% used [0x0000000755d80000,0x0000000755d80000,0x000000075fe80000)
  from space 13312K, 99% used [0x000000075fe80000,0x0000000760b7e070,0x0000000760b80000)
  to   space 17920K, 0% used [0x000000076b100000,0x000000076b100000,0x000000076c280000)
 ParOldGen       total 218624K, used 9249K [0x0000000681800000, 0x000000068ed80000, 0x0000000755d80000)
  object space 218624K, 4% used [0x0000000681800000,0x00000006821086e0,0x000000068ed80000)
 Metaspace       used 20688K, capacity 21148K, committed 21296K, reserved 1069056K
  class space    used 2467K, capacity 2616K, committed 2688K, reserved 1048576K
Event: 23.001 GC heap after
Heap after GC invocations=6 (full 1):
 PSYoungGen      total 178176K, used 0K [0x0000000755d80000, 0x000000076c280000, 0x00000007c0000000)
  eden space 164864K, 0% used [0x0000000755d80000,0x0000000755d80000,0x000000075fe80000)
  from space 13312K, 0% used [0x000000075fe80000,0x000000075fe80000,0x0000000760b80000)
  to   space 17920K, 0% used [0x000000076b100000,0x000000076b100000,0x000000076c280000)
 ParOldGen       total 151040K, used 20597K [0x0000000681800000, 0x000000068ab80000, 0x0000000755d80000)
  object space 151040K, 13% used [0x0000000681800000,0x0000000682c1d5d8,0x000000068ab80000)
 Metaspace       used 20688K, capacity 21148K, committed 21296K, reserved 1069056K
  class space    used 2467K, capacity 2616K, committed 2688K, reserved 1048576K
}
Event: 39.568 GC heap before
{Heap before GC invocations=7 (full 1):
 PSYoungGen      total 178176K, used 164864K [0x0000000755d80000, 0x000000076c280000, 0x00000007c0000000)
  eden space 164864K, 100% used [0x0000000755d80000,0x000000075fe80000,0x000000075fe80000)
  from space 13312K, 0% used [0x000000075fe80000,0x000000075fe80000,0x0000000760b80000)
  to   space 17920K, 0% used [0x000000076b100000,0x000000076b100000,0x000000076c280000)
 ParOldGen       total 151040K, used 20597K [0x0000000681800000, 0x000000068ab80000, 0x0000000755d80000)
  object space 151040K, 13% used [0x0000000681800000,0x0000000682c1d5d8,0x000000068ab80000)
 Metaspace       used 21696K, capacity 22172K, committed 22320K, reserved 1069056K
  class space    used 2543K, capacity 2680K, committed 2688K, reserved 1048576K
Event: 39.828 GC heap after
Heap after GC invocations=7 (full 1):
 PSYoungGen      total 262144K, used 17910K [0x0000000755d80000, 0x000000076c280000, 0x00000007c0000000)
  eden space 244224K, 0% used [0x0000000755d80000,0x0000000755d80000,0x0000000764c00000)
  from space 17920K, 99% used [0x000000076b100000,0x000000076c27d868,0x000000076c280000)
  to   space 35840K, 0% used [0x0000000767c80000,0x0000000767c80000,0x0000000769f80000)
 ParOldGen       total 151040K, used 50095K [0x0000000681800000, 0x000000068ab80000, 0x0000000755d80000)
  object space 151040K, 33% used [0x0000000681800000,0x00000006848ebd38,0x000000068ab80000)
 Metaspace       used 21696K, capacity 22172K, committed 22320K, reserved 1069056K
  class space    used 2543K, capacity 2680K, committed 2688K, reserved 1048576K
}
Event: 51.697 GC heap before
{Heap before GC invocations=8 (full 1):
 PSYoungGen      total 262144K, used 262134K [0x0000000755d80000, 0x000000076c280000, 0x00000007c0000000)
  eden space 244224K, 100% used [0x0000000755d80000,0x0000000764c00000,0x0000000764c00000)
  from space 17920K, 99% used [0x000000076b100000,0x000000076c27d868,0x000000076c280000)
  to   space 35840K, 0% used [0x0000000767c80000,0x0000000767c80000,0x0000000769f80000)
 ParOldGen       total 151040K, used 50095K [0x0000000681800000, 0x000000068ab80000, 0x0000000755d80000)
  object space 151040K, 33% used [0x0000000681800000,0x00000006848ebd38,0x000000068ab80000)
 Metaspace       used 23278K, capacity 23904K, committed 24192K, reserved 1071104K
  class space    used 2637K, capacity 2856K, committed 2944K, reserved 1048576K
Event: 52.077 GC heap after
Heap after GC invocations=8 (full 1):
 PSYoungGen      total 329728K, used 35813K [0x0000000755d80000, 0x0000000773580000, 0x00000007c0000000)
  eden space 293888K, 0% used [0x0000000755d80000,0x0000000755d80000,0x0000000767c80000)
  from space 35840K, 99% used [0x0000000767c80000,0x0000000769f797b8,0x0000000769f80000)
  to   space 52736K, 0% used [0x0000000770200000,0x0000000770200000,0x0000000773580000)
 ParOldGen       total 151040K, used 73424K [0x0000000681800000, 0x000000068ab80000, 0x0000000755d80000)
  object space 151040K, 48% used [0x0000000681800000,0x0000000685fb41a0,0x000000068ab80000)
 Metaspace       used 23278K, capacity 23904K, committed 24192K, reserved 1071104K
  class space    used 2637K, capacity 2856K, committed 2944K, reserved 1048576K
}
Event: 58.073 GC heap before
{Heap before GC invocations=9 (full 1):
 PSYoungGen      total 329728K, used 329701K [0x0000000755d80000, 0x0000000773580000, 0x00000007c0000000)
  eden space 293888K, 100% used [0x0000000755d80000,0x0000000767c80000,0x0000000767c80000)
  from space 35840K, 99% used [0x0000000767c80000,0x0000000769f797b8,0x0000000769f80000)
  to   space 52736K, 0% used [0x0000000770200000,0x0000000770200000,0x0000000773580000)
 ParOldGen       total 151040K, used 73424K [0x0000000681800000, 0x000000068ab80000, 0x0000000755d80000)
  object space 151040K, 48% used [0x0000000681800000,0x0000000685fb41a0,0x000000068ab80000)
 Metaspace       used 24169K, capacity 24780K, committed 25088K, reserved 1071104K
  class space    used 2745K, capacity 2954K, committed 3072K, reserved 1048576K
Event: 58.582 GC heap after
Heap after GC invocations=9 (full 1):
 PSYoungGen      total 346624K, used 52722K [0x0000000755d80000, 0x0000000773580000, 0x00000007c0000000)
  eden space 293888K, 0% used [0x0000000755d80000,0x0000000755d80000,0x0000000767c80000)
  from space 52736K, 99% used [0x0000000770200000,0x000000077357c860,0x0000000773580000)
  to   space 35840K, 0% used [0x0000000767c80000,0x0000000767c80000,0x0000000769f80000)
 ParOldGen       total 151040K, used 88788K [0x0000000681800000, 0x000000068ab80000, 0x0000000755d80000)
  object space 151040K, 58% used [0x0000000681800000,0x0000000686eb5188,0x000000068ab80000)
 Metaspace       used 24169K, capacity 24780K, committed 25088K, reserved 1071104K
  class space    used 2745K, capacity 2954K, committed 3072K, reserved 1048576K
}
Event: 62.436 GC heap before
{Heap before GC invocations=10 (full 1):
 PSYoungGen      total 346624K, used 346610K [0x0000000755d80000, 0x0000000773580000, 0x00000007c0000000)
  eden space 293888K, 100% used [0x0000000755d80000,0x0000000767c80000,0x0000000767c80000)
  from space 52736K, 99% used [0x0000000770200000,0x000000077357c860,0x0000000773580000)
  to   space 35840K, 0% used [0x0000000767c80000,0x0000000767c80000,0x0000000769f80000)
 ParOldGen       total 151040K, used 88788K [0x0000000681800000, 0x000000068ab80000, 0x0000000755d80000)
  object space 151040K, 58% used [0x0000000681800000,0x0000000686eb5188,0x000000068ab80000)
 Metaspace       used 24176K, capacity 24780K, committed 25088K, reserved 1071104K
  class space    used 2745K, capacity 2954K, committed 3072K, reserved 1048576K
Event: 62.523 GC heap after
Heap after GC invocations=10 (full 1):
 PSYoungGen      total 329728K, used 35187K [0x0000000755d80000, 0x0000000777100000, 0x00000007c0000000)
  eden space 293888K, 0% used [0x0000000755d80000,0x0000000755d80000,0x0000000767c80000)
  from space 35840K, 98% used [0x0000000767c80000,0x0000000769edccd8,0x0000000769f80000)
  to   space 66048K, 0% used [0x0000000773080000,0x0000000773080000,0x0000000777100000)
 ParOldGen       total 151040K, used 98441K [0x0000000681800000, 0x000000068ab80000, 0x0000000755d80000)
  object space 151040K, 65% used [0x0000000681800000,0x00000006878224d8,0x000000068ab80000)
 Metaspace       used 24176K, capacity 24780K, committed 25088K, reserved 1071104K
  class space    used 2745K, capacity 2954K, committed 3072K, reserved 1048576K
}

