# JRE version: Java(TM) SE Runtime Environment (8.0_131-b11) (build 1.8.0_131-b11)
# Java VM: Java HotSpot(TM) 64-Bit Server VM (25.131-b11 mixed mode windows-amd64 compressed oops)
Heap:
 PSYoungGen      total 1407488K, used 1170906K [0x0000000755d80000, 0x00000007c0000000, 0x00000007c0000000)
  eden space 1285632K, 81% used [0x0000000755d80000,0x0000000796186948,0x00000007a4500000)
  from space 121856K, 97% used [0x00000007a4500000,0x00000007ab8700b8,0x00000007abc00000)
  to   space 138752K, 0% used [0x00000007b7880000,0x00000007b7880000,0x00000007c0000000)
 ParOldGen       total 392192K, used 165083K [0x0000000681800000, 0x0000000699700000, 0x0000000755d80000)
  object space 392192K, 42% used [0x0000000681800000,0x000000068b936df0,0x0000000699700000)
 Metaspace       used 25916K, capacity 26594K, committed 26752K, reserved 1073152K
  class space    used 2920K, capacity 3117K, committed 3200K, reserved 1048576K
GC Heap History (10 events):
Event: 32.855 GC heap before
{Heap before GC invocations=11 (full 1):
 PSYoungGen      total 757248K, used 757229K [0x0000000755d80000, 0x000000079a300000, 0x00000007c0000000)
  eden space 683008K, 100% used [0x0000000755d80000,0x000000077f880000,0x000000077f880000)
  from space 74240K, 99% used [0x000000077f880000,0x00000007840fb618,0x0000000784100000)
  to   space 89600K, 0% used [0x0000000794b80000,0x0000000794b80000,0x000000079a300000)
 ParOldGen       total 157696K, used 99978K [0x0000000681800000, 0x000000068b200000, 0x0000000755d80000)
  object space 157696K, 63% used [0x0000000681800000,0x00000006879a29d0,0x000000068b200000)
 Metaspace       used 24804K, capacity 25520K, committed 25600K, reserved 1071104K
  class space    used 2800K, capacity 3018K, committed 3072K, reserved 1048576K
Event: 33.094 GC heap after
Heap after GC invocations=11 (full 1):
 PSYoungGen      total 1014784K, used 89579K [0x0000000755d80000, 0x000000079e300000, 0x00000007c0000000)
  eden space 925184K, 0% used [0x0000000755d80000,0x0000000755d80000,0x000000078e500000)
  from space 89600K, 99% used [0x0000000794b80000,0x000000079a2fac08,0x000000079a300000)
  to   space 104960K, 0% used [0x000000078e500000,0x000000078e500000,0x0000000794b80000)
 ParOldGen       total 157696K, used 106170K [0x0000000681800000, 0x000000068b200000, 0x0000000755d80000)
  object space 157696K, 67% used [0x0000000681800000,0x0000000687fae9d0,0x000000068b200000)
 Metaspace       used 24804K, capacity 25520K, committed 25600K, reserved 1071104K
  class space    used 2800K, capacity 3018K, committed 3072K, reserved 1048576K
}
Event: 36.010 GC heap before
{Heap before GC invocations=12 (full 1):
 PSYoungGen      total 1014784K, used 1014763K [0x0000000755d80000, 0x000000079e300000, 0x00000007c0000000)
  eden space 925184K, 100% used [0x0000000755d80000,0x000000078e500000,0x000000078e500000)
  from space 89600K, 99% used [0x0000000794b80000,0x000000079a2fac08,0x000000079a300000)
  to   space 104960K, 0% used [0x000000078e500000,0x000000078e500000,0x0000000794b80000)
 ParOldGen       total 157696K, used 106170K [0x0000000681800000, 0x000000068b200000, 0x0000000755d80000)
  object space 157696K, 67% used [0x0000000681800000,0x0000000687fae9d0,0x000000068b200000)
 Metaspace       used 24809K, capacity 25520K, committed 25600K, reserved 1071104K
  class space    used 2800K, capacity 3018K, committed 3072K, reserved 1048576K
Event: 36.256 GC heap after
Heap after GC invocations=12 (full 1):
 PSYoungGen      total 1030144K, used 100788K [0x0000000755d80000, 0x00000007b5e00000, 0x00000007c0000000)
  eden space 925184K, 0% used [0x0000000755d80000,0x0000000755d80000,0x000000078e500000)
  from space 104960K, 96% used [0x000000078e500000,0x000000079476d110,0x0000000794b80000)
  to   space 119808K, 0% used [0x00000007ae900000,0x00000007ae900000,0x00000007b5e00000)
 ParOldGen       total 157696K, used 125665K [0x0000000681800000, 0x000000068b200000, 0x0000000755d80000)
  object space 157696K, 79% used [0x0000000681800000,0x00000006892b8520,0x000000068b200000)
 Metaspace       used 24809K, capacity 25520K, committed 25600K, reserved 1071104K
  class space    used 2800K, capacity 3018K, committed 3072K, reserved 1048576K
}
Event: 36.256 GC heap before
{Heap before GC invocations=13 (full 2):
 PSYoungGen      total 1030144K, used 100788K [0x0000000755d80000, 0x00000007b5e00000, 0x00000007c0000000)
  eden space 925184K, 0% used [0x0000000755d80000,0x0000000755d80000,0x000000078e500000)
  from space 104960K, 96% used [0x000000078e500000,0x000000079476d110,0x0000000794b80000)
  to   space 119808K, 0% used [0x00000007ae900000,0x00000007ae900000,0x00000007b5e00000)
 ParOldGen       total 157696K, used 125665K [0x0000000681800000, 0x000000068b200000, 0x0000000755d80000)
  object space 157696K, 79% used [0x0000000681800000,0x00000006892b8520,0x000000068b200000)
 Metaspace       used 24809K, capacity 25520K, committed 25600K, reserved 1071104K
  class space    used 2800K, capacity 3018K, committed 3072K, reserved 1048576K
Event: 38.548 GC heap after
Heap after GC invocations=13 (full 2):
 PSYoungGen      total 1030144K, used 62385K [0x0000000755d80000, 0x00000007b5e00000, 0x00000007c0000000)
  eden space 925184K, 0% used [0x0000000755d80000,0x0000000755d80000,0x000000078e500000)
  from space 104960K, 59% used [0x000000078e500000,0x00000007921ec500,0x0000000794b80000)
  to   space 119808K, 0% used [0x00000007ae900000,0x00000007ae900000,0x00000007b5e00000)
 ParOldGen       total 392192K, used 157463K [0x0000000681800000, 0x0000000699700000, 0x0000000755d80000)
  object space 392192K, 40% used [0x0000000681800000,0x000000068b1c5c80,0x0000000699700000)
 Metaspace       used 24809K, capacity 25520K, committed 25600K, reserved 1071104K
  class space    used 2800K, capacity 3018K, committed 3072K, reserved 1048576K
}
Event: 41.735 GC heap before
{Heap before GC invocations=14 (full 2):
 PSYoungGen      total 1030144K, used 987569K [0x0000000755d80000, 0x00000007b5e00000, 0x00000007c0000000)
  eden space 925184K, 100% used [0x0000000755d80000,0x000000078e500000,0x000000078e500000)
  from space 104960K, 59% used [0x000000078e500000,0x00000007921ec500,0x0000000794b80000)
  to   space 119808K, 0% used [0x00000007ae900000,0x00000007ae900000,0x00000007b5e00000)
 ParOldGen       total 392192K, used 157463K [0x0000000681800000, 0x0000000699700000, 0x0000000755d80000)
  object space 392192K, 40% used [0x0000000681800000,0x000000068b1c5c80,0x0000000699700000)
 Metaspace       used 24812K, capacity 25520K, committed 25600K, reserved 1071104K
  class space    used 2800K, capacity 3018K, committed 3072K, reserved 1048576K
Event: 42.099 GC heap after
Heap after GC invocations=14 (full 2):
 PSYoungGen      total 1287168K, used 75331K [0x0000000755d80000, 0x00000007b3300000, 0x00000007c0000000)
  eden space 1211392K, 0% used [0x0000000755d80000,0x0000000755d80000,0x000000079fc80000)
  from space 75776K, 99% used [0x00000007ae900000,0x00000007b3290f40,0x00000007b3300000)
  to   space 121856K, 0% used [0x00000007a4500000,0x00000007a4500000,0x00000007abc00000)
 ParOldGen       total 392192K, used 161255K [0x0000000681800000, 0x0000000699700000, 0x0000000755d80000)
  object space 392192K, 41% used [0x0000000681800000,0x000000068b579d20,0x0000000699700000)
 Metaspace       used 24812K, capacity 25520K, committed 25600K, reserved 1071104K
  class space    used 2800K, capacity 3018K, committed 3072K, reserved 1048576K
}
Event: 49.907 GC heap before
{Heap before GC invocations=15 (full 2):
 PSYoungGen      total 1287168K, used 1286723K [0x0000000755d80000, 0x00000007b3300000, 0x00000007c0000000)
  eden space 1211392K, 100% used [0x0000000755d80000,0x000000079fc80000,0x000000079fc80000)
  from space 75776K, 99% used [0x00000007ae900000,0x00000007b3290f40,0x00000007b3300000)
  to   space 121856K, 0% used [0x00000007a4500000,0x00000007a4500000,0x00000007abc00000)
 ParOldGen       total 392192K, used 161255K [0x0000000681800000, 0x0000000699700000, 0x0000000755d80000)
  object space 392192K, 41% used [0x0000000681800000,0x000000068b579d20,0x0000000699700000)
 Metaspace       used 24915K, capacity 25666K, committed 25856K, reserved 1073152K
  class space    used 2812K, capacity 3021K, committed 3072K, reserved 1048576K
Event: 50.139 GC heap after
Heap after GC invocations=15 (full 2):
 PSYoungGen      total 1407488K, used 118208K [0x0000000755d80000, 0x00000007c0000000, 0x00000007c0000000)
  eden space 1285632K, 0% used [0x0000000755d80000,0x0000000755d80000,0x00000007a4500000)
  from space 121856K, 97% used [0x00000007a4500000,0x00000007ab8700b8,0x00000007abc00000)
  to   space 138752K, 0% used [0x00000007b7880000,0x00000007b7880000,0x00000007c0000000)
 ParOldGen       total 392192K, used 165083K [0x0000000681800000, 0x0000000699700000, 0x0000000755d80000)
  object space 392192K, 42% used [0x0000000681800000,0x000000068b936df0,0x0000000699700000)
 Metaspace       used 24915K, capacity 25666K, committed 25856K, reserved 1073152K
  class space    used 2812K, capacity 3021K, committed 3072K, reserved 1048576K
}

