# JRE version: Java(TM) SE Runtime Environment (8.0_131-b11) (build 1.8.0_131-b11)
# Java VM: Java HotSpot(TM) 64-Bit Server VM (25.131-b11 mixed mode windows-amd64 compressed oops)
Heap:
 PSYoungGen      total 674816K, used 371451K [0x0000000755d80000, 0x0000000783100000, 0x00000007c0000000)
  eden space 617472K, 55% used [0x0000000755d80000,0x000000076af227f8,0x000000077b880000)
  from space 57344K, 44% used [0x000000077f080000,0x000000078099c710,0x0000000782880000)
  to   space 57344K, 0% used [0x000000077b880000,0x000000077b880000,0x000000077f080000)
 ParOldGen       total 379392K, used 234893K [0x0000000681800000, 0x0000000698a80000, 0x0000000755d80000)
  object space 379392K, 61% used [0x0000000681800000,0x000000068fd63458,0x0000000698a80000)
 Metaspace       used 24884K, capacity 25594K, committed 25856K, reserved 1073152K
  class space    used 2812K, capacity 3021K, committed 3072K, reserved 1048576K
GC Heap History (10 events):
Event: 64.702 GC heap before
{Heap before GC invocations=20 (full 2):
 PSYoungGen      total 508928K, used 482208K [0x0000000755d80000, 0x000000077a800000, 0x00000007c0000000)
  eden space 458240K, 100% used [0x0000000755d80000,0x0000000771d00000,0x0000000771d00000)
  from space 50688K, 47% used [0x0000000771d00000,0x0000000773468370,0x0000000774e80000)
  to   space 48640K, 0% used [0x0000000777880000,0x0000000777880000,0x000000077a800000)
 ParOldGen       total 379392K, used 146562K [0x0000000681800000, 0x0000000698a80000, 0x0000000755d80000)
  object space 379392K, 38% used [0x0000000681800000,0x000000068a720aa8,0x0000000698a80000)
 Metaspace       used 24795K, capacity 25512K, committed 25600K, reserved 1071104K
  class space    used 2798K, capacity 3018K, committed 3072K, reserved 1048576K
Event: 64.781 GC heap after
Heap after GC invocations=20 (full 2):
 PSYoungGen      total 548352K, used 38481K [0x0000000755d80000, 0x000000077db00000, 0x00000007c0000000)
  eden space 499712K, 0% used [0x0000000755d80000,0x0000000755d80000,0x0000000774580000)
  from space 48640K, 79% used [0x0000000777880000,0x0000000779e14540,0x000000077a800000)
  to   space 52224K, 0% used [0x0000000774580000,0x0000000774580000,0x0000000777880000)
 ParOldGen       total 379392K, used 146562K [0x0000000681800000, 0x0000000698a80000, 0x0000000755d80000)
  object space 379392K, 38% used [0x0000000681800000,0x000000068a720aa8,0x0000000698a80000)
 Metaspace       used 24795K, capacity 25512K, committed 25600K, reserved 1071104K
  class space    used 2798K, capacity 3018K, committed 3072K, reserved 1048576K
}
Event: 66.475 GC heap before
{Heap before GC invocations=21 (full 2):
 PSYoungGen      total 548352K, used 538193K [0x0000000755d80000, 0x000000077db00000, 0x00000007c0000000)
  eden space 499712K, 100% used [0x0000000755d80000,0x0000000774580000,0x0000000774580000)
  from space 48640K, 79% used [0x0000000777880000,0x0000000779e14540,0x000000077a800000)
  to   space 52224K, 0% used [0x0000000774580000,0x0000000774580000,0x0000000777880000)
 ParOldGen       total 379392K, used 146562K [0x0000000681800000, 0x0000000698a80000, 0x0000000755d80000)
  object space 379392K, 38% used [0x0000000681800000,0x000000068a720aa8,0x0000000698a80000)
 Metaspace       used 24795K, capacity 25512K, committed 25600K, reserved 1071104K
  class space    used 2798K, capacity 3018K, committed 3072K, reserved 1048576K
Event: 66.642 GC heap after
Heap after GC invocations=21 (full 2):
 PSYoungGen      total 551936K, used 43793K [0x0000000755d80000, 0x0000000782880000, 0x00000007c0000000)
  eden space 499712K, 0% used [0x0000000755d80000,0x0000000755d80000,0x0000000774580000)
  from space 52224K, 83% used [0x0000000774580000,0x0000000777044560,0x0000000777880000)
  to   space 57344K, 0% used [0x000000077f080000,0x000000077f080000,0x0000000782880000)
 ParOldGen       total 379392K, used 156368K [0x0000000681800000, 0x0000000698a80000, 0x0000000755d80000)
  object space 379392K, 41% used [0x0000000681800000,0x000000068b0b4198,0x0000000698a80000)
 Metaspace       used 24795K, capacity 25512K, committed 25600K, reserved 1071104K
  class space    used 2798K, capacity 3018K, committed 3072K, reserved 1048576K
}
Event: 68.155 GC heap before
{Heap before GC invocations=22 (full 2):
 PSYoungGen      total 551936K, used 543505K [0x0000000755d80000, 0x0000000782880000, 0x00000007c0000000)
  eden space 499712K, 100% used [0x0000000755d80000,0x0000000774580000,0x0000000774580000)
  from space 52224K, 83% used [0x0000000774580000,0x0000000777044560,0x0000000777880000)
  to   space 57344K, 0% used [0x000000077f080000,0x000000077f080000,0x0000000782880000)
 ParOldGen       total 379392K, used 156368K [0x0000000681800000, 0x0000000698a80000, 0x0000000755d80000)
  object space 379392K, 41% used [0x0000000681800000,0x000000068b0b4198,0x0000000698a80000)
 Metaspace       used 24808K, capacity 25512K, committed 25600K, reserved 1071104K
  class space    used 2800K, capacity 3018K, committed 3072K, reserved 1048576K
Event: 68.288 GC heap after
Heap after GC invocations=22 (full 2):
 PSYoungGen      total 674816K, used 33889K [0x0000000755d80000, 0x0000000783100000, 0x00000007c0000000)
  eden space 617472K, 0% used [0x0000000755d80000,0x0000000755d80000,0x000000077b880000)
  from space 57344K, 59% used [0x000000077f080000,0x0000000781198490,0x0000000782880000)
  to   space 57344K, 0% used [0x000000077b880000,0x000000077b880000,0x000000077f080000)
 ParOldGen       total 379392K, used 182829K [0x0000000681800000, 0x0000000698a80000, 0x0000000755d80000)
  object space 379392K, 48% used [0x0000000681800000,0x000000068ca8b458,0x0000000698a80000)
 Metaspace       used 24808K, capacity 25512K, committed 25600K, reserved 1071104K
  class space    used 2800K, capacity 3018K, committed 3072K, reserved 1048576K
}
Event: 70.234 GC heap before
{Heap before GC invocations=23 (full 2):
 PSYoungGen      total 674816K, used 651361K [0x0000000755d80000, 0x0000000783100000, 0x00000007c0000000)
  eden space 617472K, 100% used [0x0000000755d80000,0x000000077b880000,0x000000077b880000)
  from space 57344K, 59% used [0x000000077f080000,0x0000000781198490,0x0000000782880000)
  to   space 57344K, 0% used [0x000000077b880000,0x000000077b880000,0x000000077f080000)
 ParOldGen       total 379392K, used 182829K [0x0000000681800000, 0x0000000698a80000, 0x0000000755d80000)
  object space 379392K, 48% used [0x0000000681800000,0x000000068ca8b458,0x0000000698a80000)
 Metaspace       used 24812K, capacity 25512K, committed 25600K, reserved 1071104K
  class space    used 2800K, capacity 3018K, committed 3072K, reserved 1048576K
Event: 70.366 GC heap after
Heap after GC invocations=23 (full 2):
 PSYoungGen      total 674816K, used 18544K [0x0000000755d80000, 0x0000000783100000, 0x00000007c0000000)
  eden space 617472K, 0% used [0x0000000755d80000,0x0000000755d80000,0x000000077b880000)
  from space 57344K, 32% used [0x000000077b880000,0x000000077ca9c290,0x000000077f080000)
  to   space 57344K, 0% used [0x000000077f080000,0x000000077f080000,0x0000000782880000)
 ParOldGen       total 379392K, used 216502K [0x0000000681800000, 0x0000000698a80000, 0x0000000755d80000)
  object space 379392K, 57% used [0x0000000681800000,0x000000068eb6d888,0x0000000698a80000)
 Metaspace       used 24812K, capacity 25512K, committed 25600K, reserved 1071104K
  class space    used 2800K, capacity 3018K, committed 3072K, reserved 1048576K
}
Event: 74.940 GC heap before
{Heap before GC invocations=24 (full 2):
 PSYoungGen      total 674816K, used 636016K [0x0000000755d80000, 0x0000000783100000, 0x00000007c0000000)
  eden space 617472K, 100% used [0x0000000755d80000,0x000000077b880000,0x000000077b880000)
  from space 57344K, 32% used [0x000000077b880000,0x000000077ca9c290,0x000000077f080000)
  to   space 57344K, 0% used [0x000000077f080000,0x000000077f080000,0x0000000782880000)
 ParOldGen       total 379392K, used 216502K [0x0000000681800000, 0x0000000698a80000, 0x0000000755d80000)
  object space 379392K, 57% used [0x0000000681800000,0x000000068eb6d888,0x0000000698a80000)
 Metaspace       used 24824K, capacity 25530K, committed 25600K, reserved 1071104K
  class space    used 2803K, capacity 3021K, committed 3072K, reserved 1048576K
Event: 75.038 GC heap after
Heap after GC invocations=24 (full 2):
 PSYoungGen      total 674816K, used 25713K [0x0000000755d80000, 0x0000000783100000, 0x00000007c0000000)
  eden space 617472K, 0% used [0x0000000755d80000,0x0000000755d80000,0x000000077b880000)
  from space 57344K, 44% used [0x000000077f080000,0x000000078099c710,0x0000000782880000)
  to   space 57344K, 0% used [0x000000077b880000,0x000000077b880000,0x000000077f080000)
 ParOldGen       total 379392K, used 234893K [0x0000000681800000, 0x0000000698a80000, 0x0000000755d80000)
  object space 379392K, 61% used [0x0000000681800000,0x000000068fd63458,0x0000000698a80000)
 Metaspace       used 24824K, capacity 25530K, committed 25600K, reserved 1071104K
  class space    used 2803K, capacity 3021K, committed 3072K, reserved 1048576K
}

