# JRE version: Java(TM) SE Runtime Environment (8.0_131-b11) (build 1.8.0_131-b11)
# Java VM: Java HotSpot(TM) 64-Bit Server VM (25.131-b11 mixed mode windows-amd64 compressed oops)
Heap:
 PSYoungGen      total 196608K, used 121176K [0x0000000755d80000, 0x0000000765a00000, 0x00000007c0000000)
  eden space 147456K, 77% used [0x0000000755d80000,0x000000075cdbdeb8,0x000000075ed80000)
  from space 49152K, 12% used [0x000000075ed80000,0x000000075f398200,0x0000000761d80000)
  to   space 49152K, 0% used [0x0000000762a00000,0x0000000762a00000,0x0000000765a00000)
 ParOldGen       total 154112K, used 106676K [0x0000000681800000, 0x000000068ae80000, 0x0000000755d80000)
  object space 154112K, 69% used [0x0000000681800000,0x000000068802d300,0x000000068ae80000)
 Metaspace       used 24541K, capacity 25222K, committed 25344K, reserved 1071104K
  class space    used 2793K, capacity 3011K, committed 3072K, reserved 1048576K
GC Heap History (10 events):
Event: 96.364 GC heap before
{Heap before GC invocations=16 (full 2):
 PSYoungGen      total 145408K, used 16849K [0x0000000755d80000, 0x0000000765180000, 0x00000007c0000000)
  eden space 98816K, 0% used [0x0000000755d80000,0x0000000755d80000,0x000000075be00000)
  from space 46592K, 36% used [0x000000075ef00000,0x000000075ff74470,0x0000000761c80000)
  to   space 50176K, 0% used [0x000000075be00000,0x000000075be00000,0x000000075ef00000)
 ParOldGen       total 154112K, used 134931K [0x0000000681800000, 0x000000068ae80000, 0x0000000755d80000)
  object space 154112K, 87% used [0x0000000681800000,0x0000000689bc4e60,0x000000068ae80000)
 Metaspace       used 24186K, capacity 24784K, committed 25088K, reserved 1071104K
  class space    used 2744K, capacity 2954K, committed 3072K, reserved 1048576K
Event: 96.720 GC heap after
Heap after GC invocations=16 (full 2):
 PSYoungGen      total 145408K, used 0K [0x0000000755d80000, 0x0000000765180000, 0x00000007c0000000)
  eden space 98816K, 0% used [0x0000000755d80000,0x0000000755d80000,0x000000075be00000)
  from space 46592K, 0% used [0x000000075ef00000,0x000000075ef00000,0x0000000761c80000)
  to   space 50176K, 0% used [0x000000075be00000,0x000000075be00000,0x000000075ef00000)
 ParOldGen       total 154112K, used 121303K [0x0000000681800000, 0x000000068ae80000, 0x0000000755d80000)
  object space 154112K, 78% used [0x0000000681800000,0x0000000688e75ea0,0x000000068ae80000)
 Metaspace       used 24186K, capacity 24784K, committed 25088K, reserved 1071104K
  class space    used 2744K, capacity 2954K, committed 3072K, reserved 1048576K
}
Event: 98.116 GC heap before
{Heap before GC invocations=17 (full 2):
 PSYoungGen      total 145408K, used 98816K [0x0000000755d80000, 0x0000000765180000, 0x00000007c0000000)
  eden space 98816K, 100% used [0x0000000755d80000,0x000000075be00000,0x000000075be00000)
  from space 46592K, 0% used [0x000000075ef00000,0x000000075ef00000,0x0000000761c80000)
  to   space 50176K, 0% used [0x000000075be00000,0x000000075be00000,0x000000075ef00000)
 ParOldGen       total 154112K, used 121303K [0x0000000681800000, 0x000000068ae80000, 0x0000000755d80000)
  object space 154112K, 78% used [0x0000000681800000,0x0000000688e75ea0,0x000000068ae80000)
 Metaspace       used 24186K, capacity 24784K, committed 25088K, reserved 1071104K
  class space    used 2744K, capacity 2954K, committed 3072K, reserved 1048576K
Event: 98.136 GC heap after
Heap after GC invocations=17 (full 2):
 PSYoungGen      total 148992K, used 24097K [0x0000000755d80000, 0x0000000764c00000, 0x00000007c0000000)
  eden space 98816K, 0% used [0x0000000755d80000,0x0000000755d80000,0x000000075be00000)
  from space 50176K, 48% used [0x000000075be00000,0x000000075d5887c0,0x000000075ef00000)
  to   space 47616K, 0% used [0x0000000761d80000,0x0000000761d80000,0x0000000764c00000)
 ParOldGen       total 154112K, used 121303K [0x0000000681800000, 0x000000068ae80000, 0x0000000755d80000)
  object space 154112K, 78% used [0x0000000681800000,0x0000000688e75ea0,0x000000068ae80000)
 Metaspace       used 24186K, capacity 24784K, committed 25088K, reserved 1071104K
  class space    used 2744K, capacity 2954K, committed 3072K, reserved 1048576K
}
Event: 99.445 GC heap before
{Heap before GC invocations=18 (full 2):
 PSYoungGen      total 148992K, used 122913K [0x0000000755d80000, 0x0000000764c00000, 0x00000007c0000000)
  eden space 98816K, 100% used [0x0000000755d80000,0x000000075be00000,0x000000075be00000)
  from space 50176K, 48% used [0x000000075be00000,0x000000075d5887c0,0x000000075ef00000)
  to   space 47616K, 0% used [0x0000000761d80000,0x0000000761d80000,0x0000000764c00000)
 ParOldGen       total 154112K, used 121303K [0x0000000681800000, 0x000000068ae80000, 0x0000000755d80000)
  object space 154112K, 78% used [0x0000000681800000,0x0000000688e75ea0,0x000000068ae80000)
 Metaspace       used 24186K, capacity 24784K, committed 25088K, reserved 1071104K
  class space    used 2744K, capacity 2954K, committed 3072K, reserved 1048576K
Event: 99.469 GC heap after
Heap after GC invocations=18 (full 2):
 PSYoungGen      total 195072K, used 64K [0x0000000755d80000, 0x0000000764e00000, 0x00000007c0000000)
  eden space 147456K, 0% used [0x0000000755d80000,0x0000000755d80000,0x000000075ed80000)
  from space 47616K, 0% used [0x0000000761d80000,0x0000000761d90000,0x0000000764c00000)
  to   space 49152K, 0% used [0x000000075ed80000,0x000000075ed80000,0x0000000761d80000)
 ParOldGen       total 154112K, used 138998K [0x0000000681800000, 0x000000068ae80000, 0x0000000755d80000)
  object space 154112K, 90% used [0x0000000681800000,0x0000000689fbd930,0x000000068ae80000)
 Metaspace       used 24186K, capacity 24784K, committed 25088K, reserved 1071104K
  class space    used 2744K, capacity 2954K, committed 3072K, reserved 1048576K
}
Event: 99.469 GC heap before
{Heap before GC invocations=19 (full 3):
 PSYoungGen      total 195072K, used 64K [0x0000000755d80000, 0x0000000764e00000, 0x00000007c0000000)
  eden space 147456K, 0% used [0x0000000755d80000,0x0000000755d80000,0x000000075ed80000)
  from space 47616K, 0% used [0x0000000761d80000,0x0000000761d90000,0x0000000764c00000)
  to   space 49152K, 0% used [0x000000075ed80000,0x000000075ed80000,0x0000000761d80000)
 ParOldGen       total 154112K, used 138998K [0x0000000681800000, 0x000000068ae80000, 0x0000000755d80000)
  object space 154112K, 90% used [0x0000000681800000,0x0000000689fbd930,0x000000068ae80000)
 Metaspace       used 24186K, capacity 24784K, committed 25088K, reserved 1071104K
  class space    used 2744K, capacity 2954K, committed 3072K, reserved 1048576K
Event: 100.622 GC heap after
Heap after GC invocations=19 (full 3):
 PSYoungGen      total 195072K, used 0K [0x0000000755d80000, 0x0000000764e00000, 0x00000007c0000000)
  eden space 147456K, 0% used [0x0000000755d80000,0x0000000755d80000,0x000000075ed80000)
  from space 47616K, 0% used [0x0000000761d80000,0x0000000761d80000,0x0000000764c00000)
  to   space 49152K, 0% used [0x000000075ed80000,0x000000075ed80000,0x0000000761d80000)
 ParOldGen       total 154112K, used 106676K [0x0000000681800000, 0x000000068ae80000, 0x0000000755d80000)
  object space 154112K, 69% used [0x0000000681800000,0x000000068802d300,0x000000068ae80000)
 Metaspace       used 24186K, capacity 24784K, committed 25088K, reserved 1071104K
  class space    used 2744K, capacity 2954K, committed 3072K, reserved 1048576K
}
Event: 101.440 GC heap before
{Heap before GC invocations=20 (full 3):
 PSYoungGen      total 195072K, used 147456K [0x0000000755d80000, 0x0000000764e00000, 0x00000007c0000000)
  eden space 147456K, 100% used [0x0000000755d80000,0x000000075ed80000,0x000000075ed80000)
  from space 47616K, 0% used [0x0000000761d80000,0x0000000761d80000,0x0000000764c00000)
  to   space 49152K, 0% used [0x000000075ed80000,0x000000075ed80000,0x0000000761d80000)
 ParOldGen       total 154112K, used 106676K [0x0000000681800000, 0x000000068ae80000, 0x0000000755d80000)
  object space 154112K, 69% used [0x0000000681800000,0x000000068802d300,0x000000068ae80000)
 Metaspace       used 24186K, capacity 24784K, committed 25088K, reserved 1071104K
  class space    used 2744K, capacity 2954K, committed 3072K, reserved 1048576K
Event: 101.477 GC heap after
Heap after GC invocations=20 (full 3):
 PSYoungGen      total 196608K, used 6240K [0x0000000755d80000, 0x0000000765a00000, 0x00000007c0000000)
  eden space 147456K, 0% used [0x0000000755d80000,0x0000000755d80000,0x000000075ed80000)
  from space 49152K, 12% used [0x000000075ed80000,0x000000075f398200,0x0000000761d80000)
  to   space 49152K, 0% used [0x0000000762a00000,0x0000000762a00000,0x0000000765a00000)
 ParOldGen       total 154112K, used 106676K [0x0000000681800000, 0x000000068ae80000, 0x0000000755d80000)
  object space 154112K, 69% used [0x0000000681800000,0x000000068802d300,0x000000068ae80000)
 Metaspace       used 24186K, capacity 24784K, committed 25088K, reserved 1071104K
  class space    used 2744K, capacity 2954K, committed 3072K, reserved 1048576K
}

