# JRE version: Java(TM) SE Runtime Environment (8.0_131-b11) (build 1.8.0_131-b11)
# Java VM: Java HotSpot(TM) 64-Bit Server VM (25.131-b11 mixed mode windows-amd64 compressed oops)
Heap:
 PSYoungGen      total 1589248K, used 468115K [0x0000000755d80000, 0x00000007bf680000, 0x00000007c0000000)
  eden space 1454080K, 28% used [0x0000000755d80000,0x000000076eec2c78,0x00000007ae980000)
  from space 135168K, 42% used [0x00000007b7280000,0x00000007baa62228,0x00000007bf680000)
  to   space 137728K, 0% used [0x00000007ae980000,0x00000007ae980000,0x00000007b7000000)
 ParOldGen       total 414720K, used 188383K [0x0000000681800000, 0x000000069ad00000, 0x0000000755d80000)
  object space 414720K, 45% used [0x0000000681800000,0x000000068cff7ea0,0x000000069ad00000)
 Metaspace       used 25966K, capacity 26594K, committed 26752K, reserved 1073152K
  class space    used 2919K, capacity 3117K, committed 3200K, reserved 1048576K
GC Heap History (10 events):
Event: 30.193 GC heap before
{Heap before GC invocations=12 (full 1):
 PSYoungGen      total 908288K, used 908282K [0x0000000755d80000, 0x0000000798200000, 0x00000007c0000000)
  eden space 818688K, 100% used [0x0000000755d80000,0x0000000787d00000,0x0000000787d00000)
  from space 89600K, 99% used [0x000000078e400000,0x0000000793b7e8b0,0x0000000793b80000)
  to   space 105472K, 0% used [0x0000000787d00000,0x0000000787d00000,0x000000078e400000)
 ParOldGen       total 169984K, used 100441K [0x0000000681800000, 0x000000068be00000, 0x0000000755d80000)
  object space 169984K, 59% used [0x0000000681800000,0x0000000687a166d0,0x000000068be00000)
 Metaspace       used 24791K, capacity 25520K, committed 25600K, reserved 1071104K
  class space    used 2798K, capacity 3018K, committed 3072K, reserved 1048576K
Event: 30.442 GC heap after
Heap after GC invocations=12 (full 1):
 PSYoungGen      total 924160K, used 100764K [0x0000000755d80000, 0x00000007ab800000, 0x00000007c0000000)
  eden space 818688K, 0% used [0x0000000755d80000,0x0000000755d80000,0x0000000787d00000)
  from space 105472K, 95% used [0x0000000787d00000,0x000000078df670a0,0x000000078e400000)
  to   space 119296K, 0% used [0x00000007a4380000,0x00000007a4380000,0x00000007ab800000)
 ParOldGen       total 169984K, used 113643K [0x0000000681800000, 0x000000068be00000, 0x0000000755d80000)
  object space 169984K, 66% used [0x0000000681800000,0x00000006886facf8,0x000000068be00000)
 Metaspace       used 24791K, capacity 25520K, committed 25600K, reserved 1071104K
  class space    used 2798K, capacity 3018K, committed 3072K, reserved 1048576K
}
Event: 32.387 GC heap before
{Heap before GC invocations=13 (full 1):
 PSYoungGen      total 924160K, used 919452K [0x0000000755d80000, 0x00000007ab800000, 0x00000007c0000000)
  eden space 818688K, 100% used [0x0000000755d80000,0x0000000787d00000,0x0000000787d00000)
  from space 105472K, 95% used [0x0000000787d00000,0x000000078df670a0,0x000000078e400000)
  to   space 119296K, 0% used [0x00000007a4380000,0x00000007a4380000,0x00000007ab800000)
 ParOldGen       total 169984K, used 113643K [0x0000000681800000, 0x000000068be00000, 0x0000000755d80000)
  object space 169984K, 66% used [0x0000000681800000,0x00000006886facf8,0x000000068be00000)
 Metaspace       used 24807K, capacity 25520K, committed 25600K, reserved 1071104K
  class space    used 2799K, capacity 3018K, committed 3072K, reserved 1048576K
Event: 32.669 GC heap after
Heap after GC invocations=13 (full 1):
 PSYoungGen      total 1263104K, used 119268K [0x0000000755d80000, 0x00000007af280000, 0x00000007c0000000)
  eden space 1143808K, 0% used [0x0000000755d80000,0x0000000755d80000,0x000000079ba80000)
  from space 119296K, 99% used [0x00000007a4380000,0x00000007ab7f93c0,0x00000007ab800000)
  to   space 140288K, 0% used [0x000000079ba80000,0x000000079ba80000,0x00000007a4380000)
 ParOldGen       total 169984K, used 121504K [0x0000000681800000, 0x000000068be00000, 0x0000000755d80000)
  object space 169984K, 71% used [0x0000000681800000,0x0000000688ea83b0,0x000000068be00000)
 Metaspace       used 24807K, capacity 25520K, committed 25600K, reserved 1071104K
  class space    used 2799K, capacity 3018K, committed 3072K, reserved 1048576K
}
Event: 38.593 GC heap before
{Heap before GC invocations=14 (full 1):
 PSYoungGen      total 1263104K, used 1263076K [0x0000000755d80000, 0x00000007af280000, 0x00000007c0000000)
  eden space 1143808K, 100% used [0x0000000755d80000,0x000000079ba80000,0x000000079ba80000)
  from space 119296K, 99% used [0x00000007a4380000,0x00000007ab7f93c0,0x00000007ab800000)
  to   space 140288K, 0% used [0x000000079ba80000,0x000000079ba80000,0x00000007a4380000)
 ParOldGen       total 169984K, used 121504K [0x0000000681800000, 0x000000068be00000, 0x0000000755d80000)
  object space 169984K, 71% used [0x0000000681800000,0x0000000688ea83b0,0x000000068be00000)
 Metaspace       used 24907K, capacity 25602K, committed 25856K, reserved 1073152K
  class space    used 2811K, capacity 3021K, committed 3072K, reserved 1048576K
Event: 38.798 GC heap after
Heap after GC invocations=14 (full 1):
 PSYoungGen      total 1284096K, used 93204K [0x0000000755d80000, 0x00000007c0000000, 0x00000007c0000000)
  eden space 1143808K, 0% used [0x0000000755d80000,0x0000000755d80000,0x000000079ba80000)
  from space 140288K, 66% used [0x000000079ba80000,0x00000007a15850d0,0x00000007a4380000)
  to   space 144896K, 0% used [0x00000007b7280000,0x00000007b7280000,0x00000007c0000000)
 ParOldGen       total 169984K, used 139570K [0x0000000681800000, 0x000000068be00000, 0x0000000755d80000)
  object space 169984K, 82% used [0x0000000681800000,0x000000068a04c860,0x000000068be00000)
 Metaspace       used 24907K, capacity 25602K, committed 25856K, reserved 1073152K
  class space    used 2811K, capacity 3021K, committed 3072K, reserved 1048576K
}
Event: 38.798 GC heap before
{Heap before GC invocations=15 (full 2):
 PSYoungGen      total 1284096K, used 93204K [0x0000000755d80000, 0x00000007c0000000, 0x00000007c0000000)
  eden space 1143808K, 0% used [0x0000000755d80000,0x0000000755d80000,0x000000079ba80000)
  from space 140288K, 66% used [0x000000079ba80000,0x00000007a15850d0,0x00000007a4380000)
  to   space 144896K, 0% used [0x00000007b7280000,0x00000007b7280000,0x00000007c0000000)
 ParOldGen       total 169984K, used 139570K [0x0000000681800000, 0x000000068be00000, 0x0000000755d80000)
  object space 169984K, 82% used [0x0000000681800000,0x000000068a04c860,0x000000068be00000)
 Metaspace       used 24907K, capacity 25602K, committed 25856K, reserved 1073152K
  class space    used 2811K, capacity 3021K, committed 3072K, reserved 1048576K
Event: 41.379 GC heap after
Heap after GC invocations=15 (full 2):
 PSYoungGen      total 1284096K, used 42242K [0x0000000755d80000, 0x00000007c0000000, 0x00000007c0000000)
  eden space 1143808K, 0% used [0x0000000755d80000,0x0000000755d80000,0x000000079ba80000)
  from space 140288K, 30% used [0x000000079ba80000,0x000000079e3c0a88,0x00000007a4380000)
  to   space 144896K, 0% used [0x00000007b7280000,0x00000007b7280000,0x00000007c0000000)
 ParOldGen       total 414720K, used 169550K [0x0000000681800000, 0x000000069ad00000, 0x0000000755d80000)
  object space 414720K, 40% used [0x0000000681800000,0x000000068bd93ba0,0x000000069ad00000)
 Metaspace       used 24907K, capacity 25602K, committed 25856K, reserved 1073152K
  class space    used 2811K, capacity 3021K, committed 3072K, reserved 1048576K
}
Event: 46.654 GC heap before
{Heap before GC invocations=16 (full 2):
 PSYoungGen      total 1284096K, used 1186050K [0x0000000755d80000, 0x00000007c0000000, 0x00000007c0000000)
  eden space 1143808K, 100% used [0x0000000755d80000,0x000000079ba80000,0x000000079ba80000)
  from space 140288K, 30% used [0x000000079ba80000,0x000000079e3c0a88,0x00000007a4380000)
  to   space 144896K, 0% used [0x00000007b7280000,0x00000007b7280000,0x00000007c0000000)
 ParOldGen       total 414720K, used 169550K [0x0000000681800000, 0x000000069ad00000, 0x0000000755d80000)
  object space 414720K, 40% used [0x0000000681800000,0x000000068bd93ba0,0x000000069ad00000)
 Metaspace       used 24932K, capacity 25666K, committed 25856K, reserved 1073152K
  class space    used 2811K, capacity 3021K, committed 3072K, reserved 1048576K
Event: 46.813 GC heap after
Heap after GC invocations=16 (full 2):
 PSYoungGen      total 1589248K, used 57224K [0x0000000755d80000, 0x00000007bf680000, 0x00000007c0000000)
  eden space 1454080K, 0% used [0x0000000755d80000,0x0000000755d80000,0x00000007ae980000)
  from space 135168K, 42% used [0x00000007b7280000,0x00000007baa62228,0x00000007bf680000)
  to   space 137728K, 0% used [0x00000007ae980000,0x00000007ae980000,0x00000007b7000000)
 ParOldGen       total 414720K, used 188383K [0x0000000681800000, 0x000000069ad00000, 0x0000000755d80000)
  object space 414720K, 45% used [0x0000000681800000,0x000000068cff7ea0,0x000000069ad00000)
 Metaspace       used 24932K, capacity 25666K, committed 25856K, reserved 1073152K
  class space    used 2811K, capacity 3021K, committed 3072K, reserved 1048576K
}

