# JRE version: Java(TM) SE Runtime Environment (8.0_131-b11) (build 1.8.0_131-b11)
# Java VM: Java HotSpot(TM) 64-Bit Server VM (25.131-b11 mixed mode windows-amd64 compressed oops)
Heap:
 PSYoungGen      total 1537536K, used 688294K [0x0000000755d80000, 0x00000007bfa00000, 0x00000007c0000000)
  eden space 1494016K, 46% used [0x0000000755d80000,0x000000077fda99b0,0x00000007b1080000)
  from space 43520K, 0% used [0x00000007b1080000,0x00000007b1080000,0x00000007b3b00000)
  to   space 41472K, 0% used [0x00000007bd180000,0x00000007bd180000,0x00000007bfa00000)
 ParOldGen       total 361984K, used 101152K [0x0000000681800000, 0x0000000697980000, 0x0000000755d80000)
  object space 361984K, 27% used [0x0000000681800000,0x0000000687ac81e8,0x0000000697980000)
 Metaspace       used 99723K, capacity 101628K, committed 102144K, reserved 1140736K
  class space    used 11025K, capacity 11391K, committed 11520K, reserved 1048576K
GC Heap History (10 events):
Event: 71.401 GC heap before
{Heap before GC invocations=17 (full 3):
 PSYoungGen      total 898048K, used 864768K [0x0000000755d80000, 0x00000007a7600000, 0x00000007c0000000)
  eden space 864768K, 100% used [0x0000000755d80000,0x000000078aa00000,0x000000078aa00000)
  from space 33280K, 0% used [0x000000078aa00000,0x000000078aa00000,0x000000078ca80000)
  to   space 32256K, 0% used [0x00000007a5680000,0x00000007a5680000,0x00000007a7600000)
 ParOldGen       total 248320K, used 59924K [0x0000000681800000, 0x0000000690a80000, 0x0000000755d80000)
  object space 248320K, 24% used [0x0000000681800000,0x0000000685285300,0x0000000690a80000)
 Metaspace       used 72349K, capacity 73232K, committed 73600K, reserved 1114112K
  class space    used 8309K, capacity 8486K, committed 8576K, reserved 1048576K
Event: 71.460 GC heap after
Heap after GC invocations=17 (full 3):
 PSYoungGen      total 1183232K, used 32240K [0x0000000755d80000, 0x00000007a7600000, 0x00000007c0000000)
  eden space 1150976K, 0% used [0x0000000755d80000,0x0000000755d80000,0x000000079c180000)
  from space 32256K, 99% used [0x00000007a5680000,0x00000007a75fc040,0x00000007a7600000)
  to   space 41472K, 0% used [0x00000007a2500000,0x00000007a2500000,0x00000007a4d80000)
 ParOldGen       total 248320K, used 70587K [0x0000000681800000, 0x0000000690a80000, 0x0000000755d80000)
  object space 248320K, 28% used [0x0000000681800000,0x0000000685ceef40,0x0000000690a80000)
 Metaspace       used 72349K, capacity 73232K, committed 73600K, reserved 1114112K
  class space    used 8309K, capacity 8486K, committed 8576K, reserved 1048576K
}
Event: 91.629 GC heap before
{Heap before GC invocations=18 (full 3):
 PSYoungGen      total 1183232K, used 1183216K [0x0000000755d80000, 0x00000007a7600000, 0x00000007c0000000)
  eden space 1150976K, 100% used [0x0000000755d80000,0x000000079c180000,0x000000079c180000)
  from space 32256K, 99% used [0x00000007a5680000,0x00000007a75fc040,0x00000007a7600000)
  to   space 41472K, 0% used [0x00000007a2500000,0x00000007a2500000,0x00000007a4d80000)
 ParOldGen       total 248320K, used 70587K [0x0000000681800000, 0x0000000690a80000, 0x0000000755d80000)
  object space 248320K, 28% used [0x0000000681800000,0x0000000685ceef40,0x0000000690a80000)
 Metaspace       used 83225K, capacity 84410K, committed 84608K, reserved 1124352K
  class space    used 9502K, capacity 9741K, committed 9856K, reserved 1048576K
Event: 91.748 GC heap after
Heap after GC invocations=18 (full 3):
 PSYoungGen      total 1294336K, used 33867K [0x0000000755d80000, 0x00000007b6780000, 0x00000007c0000000)
  eden space 1252864K, 0% used [0x0000000755d80000,0x0000000755d80000,0x00000007a2500000)
  from space 41472K, 81% used [0x00000007a2500000,0x00000007a4612cf8,0x00000007a4d80000)
  to   space 45568K, 0% used [0x00000007b3b00000,0x00000007b3b00000,0x00000007b6780000)
 ParOldGen       total 248320K, used 102625K [0x0000000681800000, 0x0000000690a80000, 0x0000000755d80000)
  object space 248320K, 41% used [0x0000000681800000,0x0000000687c387e0,0x0000000690a80000)
 Metaspace       used 83225K, capacity 84410K, committed 84608K, reserved 1124352K
  class space    used 9502K, capacity 9741K, committed 9856K, reserved 1048576K
}
Event: 4857.936 GC heap before
{Heap before GC invocations=19 (full 3):
 PSYoungGen      total 1294336K, used 1286731K [0x0000000755d80000, 0x00000007b6780000, 0x00000007c0000000)
  eden space 1252864K, 100% used [0x0000000755d80000,0x00000007a2500000,0x00000007a2500000)
  from space 41472K, 81% used [0x00000007a2500000,0x00000007a4612cf8,0x00000007a4d80000)
  to   space 45568K, 0% used [0x00000007b3b00000,0x00000007b3b00000,0x00000007b6780000)
 ParOldGen       total 248320K, used 102625K [0x0000000681800000, 0x0000000690a80000, 0x0000000755d80000)
  object space 248320K, 41% used [0x0000000681800000,0x0000000687c387e0,0x0000000690a80000)
 Metaspace       used 92176K, capacity 93636K, committed 93952K, reserved 1132544K
  class space    used 10342K, capacity 10630K, committed 10752K, reserved 1048576K
Event: 4858.420 GC heap after
Heap after GC invocations=19 (full 3):
 PSYoungGen      total 1539584K, used 14398K [0x0000000755d80000, 0x00000007bb080000, 0x00000007c0000000)
  eden space 1494016K, 0% used [0x0000000755d80000,0x0000000755d80000,0x00000007b1080000)
  from space 45568K, 31% used [0x00000007b3b00000,0x00000007b490f890,0x00000007b6780000)
  to   space 43520K, 0% used [0x00000007b1080000,0x00000007b1080000,0x00000007b3b00000)
 ParOldGen       total 248320K, used 127718K [0x0000000681800000, 0x0000000690a80000, 0x0000000755d80000)
  object space 248320K, 51% used [0x0000000681800000,0x00000006894b9a00,0x0000000690a80000)
 Metaspace       used 92176K, capacity 93636K, committed 93952K, reserved 1132544K
  class space    used 10342K, capacity 10630K, committed 10752K, reserved 1048576K
}
Event: 32064.220 GC heap before
{Heap before GC invocations=20 (full 3):
 PSYoungGen      total 1539584K, used 1093755K [0x0000000755d80000, 0x00000007bb080000, 0x00000007c0000000)
  eden space 1494016K, 72% used [0x0000000755d80000,0x0000000797b8f690,0x00000007b1080000)
  from space 45568K, 31% used [0x00000007b3b00000,0x00000007b490f890,0x00000007b6780000)
  to   space 43520K, 0% used [0x00000007b1080000,0x00000007b1080000,0x00000007b3b00000)
 ParOldGen       total 248320K, used 127718K [0x0000000681800000, 0x0000000690a80000, 0x0000000755d80000)
  object space 248320K, 51% used [0x0000000681800000,0x00000006894b9a00,0x0000000690a80000)
 Metaspace       used 96705K, capacity 98492K, committed 98600K, reserved 1136640K
  class space    used 10707K, capacity 11070K, committed 11136K, reserved 1048576K
Event: 32064.294 GC heap after
Heap after GC invocations=20 (full 3):
 PSYoungGen      total 1537536K, used 14615K [0x0000000755d80000, 0x00000007bfa00000, 0x00000007c0000000)
  eden space 1494016K, 0% used [0x0000000755d80000,0x0000000755d80000,0x00000007b1080000)
  from space 43520K, 33% used [0x00000007b1080000,0x00000007b1ec5c10,0x00000007b3b00000)
  to   space 41472K, 0% used [0x00000007bd180000,0x00000007bd180000,0x00000007bfa00000)
 ParOldGen       total 248320K, used 127734K [0x0000000681800000, 0x0000000690a80000, 0x0000000755d80000)
  object space 248320K, 51% used [0x0000000681800000,0x00000006894bda00,0x0000000690a80000)
 Metaspace       used 96705K, capacity 98492K, committed 98600K, reserved 1136640K
  class space    used 10707K, capacity 11070K, committed 11136K, reserved 1048576K
}
Event: 32064.294 GC heap before
{Heap before GC invocations=21 (full 4):
 PSYoungGen      total 1537536K, used 14615K [0x0000000755d80000, 0x00000007bfa00000, 0x00000007c0000000)
  eden space 1494016K, 0% used [0x0000000755d80000,0x0000000755d80000,0x00000007b1080000)
  from space 43520K, 33% used [0x00000007b1080000,0x00000007b1ec5c10,0x00000007b3b00000)
  to   space 41472K, 0% used [0x00000007bd180000,0x00000007bd180000,0x00000007bfa00000)
 ParOldGen       total 248320K, used 127734K [0x0000000681800000, 0x0000000690a80000, 0x0000000755d80000)
  object space 248320K, 51% used [0x0000000681800000,0x00000006894bda00,0x0000000690a80000)
 Metaspace       used 96705K, capacity 98492K, committed 98600K, reserved 1136640K
  class space    used 10707K, capacity 11070K, committed 11136K, reserved 1048576K
Event: 32066.817 GC heap after
Heap after GC invocations=21 (full 4):
 PSYoungGen      total 1537536K, used 0K [0x0000000755d80000, 0x00000007bfa00000, 0x00000007c0000000)
  eden space 1494016K, 0% used [0x0000000755d80000,0x0000000755d80000,0x00000007b1080000)
  from space 43520K, 0% used [0x00000007b1080000,0x00000007b1080000,0x00000007b3b00000)
  to   space 41472K, 0% used [0x00000007bd180000,0x00000007bd180000,0x00000007bfa00000)
 ParOldGen       total 361984K, used 101152K [0x0000000681800000, 0x0000000697980000, 0x0000000755d80000)
  object space 361984K, 27% used [0x0000000681800000,0x0000000687ac81e8,0x0000000697980000)
 Metaspace       used 95870K, capacity 97186K, committed 98600K, reserved 1136640K
  class space    used 10583K, capacity 10846K, committed 11136K, reserved 1048576K
}

